2018-04-13 16:24:33,277 INFO DbUtil __init__ Line:17 ==> 数据库操作工具类初始化完成
2018-04-13 16:24:33,379 INFO TotalTimer day Line:16 ==> 汇总数据小时统计开始=============>
2018-04-13 16:24:33,379 INFO TotalTimer day Line:16 ==> 汇总数据小时统计开始=============>
2018-04-13 16:24:33,379 INFO TotalTimer day Line:16 ==> 汇总数据小时统计开始=============>
2018-04-13 16:24:33,380 INFO DbUtil getConnect Line:20 ==> 获取数据库连接
2018-04-13 16:24:33,380 INFO DbUtil getConnect Line:20 ==> 获取数据库连接
2018-04-13 16:24:33,380 INFO DbUtil getConnect Line:20 ==> 获取数据库连接
2018-04-13 16:24:33,452 ERROR TotalTimer day Line:52 ==> 数据操作异常! ERROR : (1292, "Incorrect date value: '2003' for column 'report_date' at row 1")
2018-04-13 16:24:33,452 ERROR TotalTimer day Line:52 ==> 数据操作异常! ERROR : (1292, "Incorrect date value: '2003' for column 'report_date' at row 1")
2018-04-13 16:24:33,452 ERROR TotalTimer day Line:52 ==> 数据操作异常! ERROR : (1292, "Incorrect date value: '2003' for column 'report_date' at row 1")
2018-04-13 16:24:33,453 INFO DbUtil dbClose Line:29 ==> 关闭数据库连接
2018-04-13 16:24:33,453 INFO DbUtil dbClose Line:29 ==> 关闭数据库连接
2018-04-13 16:24:33,453 INFO DbUtil dbClose Line:29 ==> 关闭数据库连接
2018-04-13 16:24:33,453 INFO TotalTimer day Line:56 ==> 汇总数据小时统计结束=============>
2018-04-13 16:24:33,453 INFO TotalTimer day Line:56 ==> 汇总数据小时统计结束=============>
2018-04-13 16:24:33,453 INFO TotalTimer day Line:56 ==> 汇总数据小时统计结束=============>
2018-04-13 16:24:33,492 INFO base add_job Line:433 ==> Adding job tentatively -- it will be properly scheduled when the scheduler starts
2018-04-13 16:24:33,492 INFO base add_job Line:433 ==> Adding job tentatively -- it will be properly scheduled when the scheduler starts
2018-04-13 16:24:33,492 INFO base add_job Line:433 ==> Adding job tentatively -- it will be properly scheduled when the scheduler starts
2018-04-13 16:24:33,497 INFO base add_job Line:433 ==> Adding job tentatively -- it will be properly scheduled when the scheduler starts
2018-04-13 16:24:33,497 INFO base add_job Line:433 ==> Adding job tentatively -- it will be properly scheduled when the scheduler starts
2018-04-13 16:24:33,497 INFO base add_job Line:433 ==> Adding job tentatively -- it will be properly scheduled when the scheduler starts
2018-04-13 16:24:33,498 INFO Start <module> Line:22 ==> 项目启动完成============>
2018-04-13 16:24:33,498 INFO Start <module> Line:22 ==> 项目启动完成============>
2018-04-13 16:24:33,498 INFO Start <module> Line:22 ==> 项目启动完成============>
2018-04-13 16:25:02,582 INFO DbUtil __init__ Line:17 ==> 数据库操作工具类初始化完成
2018-04-13 16:25:02,685 INFO TotalTimer day Line:16 ==> 汇总数据小时统计开始=============>
2018-04-13 16:25:02,685 INFO TotalTimer day Line:16 ==> 汇总数据小时统计开始=============>
2018-04-13 16:25:02,685 INFO TotalTimer day Line:16 ==> 汇总数据小时统计开始=============>
2018-04-13 16:25:02,685 INFO DbUtil getConnect Line:20 ==> 获取数据库连接
2018-04-13 16:25:02,685 INFO DbUtil getConnect Line:20 ==> 获取数据库连接
2018-04-13 16:25:02,685 INFO DbUtil getConnect Line:20 ==> 获取数据库连接
2018-04-13 16:25:02,759 ERROR TotalTimer day Line:53 ==> 数据操作异常! ERROR : (1292, "Incorrect date value: '2003' for column 'report_date' at row 1")
2018-04-13 16:25:02,759 ERROR TotalTimer day Line:53 ==> 数据操作异常! ERROR : (1292, "Incorrect date value: '2003' for column 'report_date' at row 1")
2018-04-13 16:25:02,759 ERROR TotalTimer day Line:53 ==> 数据操作异常! ERROR : (1292, "Incorrect date value: '2003' for column 'report_date' at row 1")
2018-04-13 16:25:02,759 INFO DbUtil dbClose Line:29 ==> 关闭数据库连接
2018-04-13 16:25:02,759 INFO DbUtil dbClose Line:29 ==> 关闭数据库连接
2018-04-13 16:25:02,759 INFO DbUtil dbClose Line:29 ==> 关闭数据库连接
2018-04-13 16:25:02,760 INFO TotalTimer day Line:57 ==> 汇总数据小时统计结束=============>
2018-04-13 16:25:02,760 INFO TotalTimer day Line:57 ==> 汇总数据小时统计结束=============>
2018-04-13 16:25:02,760 INFO TotalTimer day Line:57 ==> 汇总数据小时统计结束=============>
2018-04-13 16:25:02,798 INFO base add_job Line:433 ==> Adding job tentatively -- it will be properly scheduled when the scheduler starts
2018-04-13 16:25:02,798 INFO base add_job Line:433 ==> Adding job tentatively -- it will be properly scheduled when the scheduler starts
2018-04-13 16:25:02,798 INFO base add_job Line:433 ==> Adding job tentatively -- it will be properly scheduled when the scheduler starts
2018-04-13 16:25:02,803 INFO base add_job Line:433 ==> Adding job tentatively -- it will be properly scheduled when the scheduler starts
2018-04-13 16:25:02,803 INFO base add_job Line:433 ==> Adding job tentatively -- it will be properly scheduled when the scheduler starts
2018-04-13 16:25:02,803 INFO base add_job Line:433 ==> Adding job tentatively -- it will be properly scheduled when the scheduler starts
2018-04-13 16:25:02,803 INFO Start <module> Line:22 ==> 项目启动完成============>
2018-04-13 16:25:02,803 INFO Start <module> Line:22 ==> 项目启动完成============>
2018-04-13 16:25:02,803 INFO Start <module> Line:22 ==> 项目启动完成============>
2018-04-13 16:25:27,378 INFO DbUtil __init__ Line:17 ==> 数据库操作工具类初始化完成
2018-04-13 16:25:27,480 INFO TotalTimer day Line:16 ==> 汇总数据小时统计开始=============>
2018-04-13 16:25:27,480 INFO TotalTimer day Line:16 ==> 汇总数据小时统计开始=============>
2018-04-13 16:25:27,480 INFO TotalTimer day Line:16 ==> 汇总数据小时统计开始=============>
2018-04-13 16:25:27,481 INFO DbUtil getConnect Line:20 ==> 获取数据库连接
2018-04-13 16:25:27,481 INFO DbUtil getConnect Line:20 ==> 获取数据库连接
2018-04-13 16:25:27,481 INFO DbUtil getConnect Line:20 ==> 获取数据库连接
2018-04-13 16:25:27,555 ERROR TotalTimer day Line:53 ==> 数据操作异常! ERROR : (1292, "Incorrect date value: '2003' for column 'report_date' at row 1")
2018-04-13 16:25:27,555 ERROR TotalTimer day Line:53 ==> 数据操作异常! ERROR : (1292, "Incorrect date value: '2003' for column 'report_date' at row 1")
2018-04-13 16:25:27,555 ERROR TotalTimer day Line:53 ==> 数据操作异常! ERROR : (1292, "Incorrect date value: '2003' for column 'report_date' at row 1")
2018-04-13 16:25:27,555 INFO DbUtil dbClose Line:29 ==> 关闭数据库连接
2018-04-13 16:25:27,555 INFO DbUtil dbClose Line:29 ==> 关闭数据库连接
2018-04-13 16:25:27,555 INFO DbUtil dbClose Line:29 ==> 关闭数据库连接
2018-04-13 16:25:27,555 INFO TotalTimer day Line:57 ==> 汇总数据小时统计结束=============>
2018-04-13 16:25:27,555 INFO TotalTimer day Line:57 ==> 汇总数据小时统计结束=============>
2018-04-13 16:25:27,555 INFO TotalTimer day Line:57 ==> 汇总数据小时统计结束=============>
2018-04-13 16:25:27,597 INFO base add_job Line:433 ==> Adding job tentatively -- it will be properly scheduled when the scheduler starts
2018-04-13 16:25:27,597 INFO base add_job Line:433 ==> Adding job tentatively -- it will be properly scheduled when the scheduler starts
2018-04-13 16:25:27,597 INFO base add_job Line:433 ==> Adding job tentatively -- it will be properly scheduled when the scheduler starts
2018-04-13 16:25:27,601 INFO base add_job Line:433 ==> Adding job tentatively -- it will be properly scheduled when the scheduler starts
2018-04-13 16:25:27,601 INFO base add_job Line:433 ==> Adding job tentatively -- it will be properly scheduled when the scheduler starts
2018-04-13 16:25:27,601 INFO base add_job Line:433 ==> Adding job tentatively -- it will be properly scheduled when the scheduler starts
2018-04-13 16:25:27,602 INFO Start <module> Line:22 ==> 项目启动完成============>
2018-04-13 16:25:27,602 INFO Start <module> Line:22 ==> 项目启动完成============>
2018-04-13 16:25:27,602 INFO Start <module> Line:22 ==> 项目启动完成============>
2018-04-13 16:26:10,630 INFO DbUtil __init__ Line:17 ==> 数据库操作工具类初始化完成
2018-04-13 16:26:10,734 INFO TotalTimer day Line:16 ==> 汇总数据小时统计开始=============>
2018-04-13 16:26:10,734 INFO TotalTimer day Line:16 ==> 汇总数据小时统计开始=============>
2018-04-13 16:26:10,734 INFO TotalTimer day Line:16 ==> 汇总数据小时统计开始=============>
2018-04-13 16:26:10,734 INFO DbUtil getConnect Line:20 ==> 获取数据库连接
2018-04-13 16:26:10,734 INFO DbUtil getConnect Line:20 ==> 获取数据库连接
2018-04-13 16:26:10,734 INFO DbUtil getConnect Line:20 ==> 获取数据库连接
2018-04-13 16:26:14,926 INFO DbUtil dbClose Line:29 ==> 关闭数据库连接
2018-04-13 16:26:14,926 INFO DbUtil dbClose Line:29 ==> 关闭数据库连接
2018-04-13 16:26:14,926 INFO DbUtil dbClose Line:29 ==> 关闭数据库连接
2018-04-13 16:26:14,927 INFO TotalTimer day Line:57 ==> 汇总数据小时统计结束=============>
2018-04-13 16:26:14,927 INFO TotalTimer day Line:57 ==> 汇总数据小时统计结束=============>
2018-04-13 16:26:14,927 INFO TotalTimer day Line:57 ==> 汇总数据小时统计结束=============>
2018-04-13 16:26:14,980 INFO base add_job Line:433 ==> Adding job tentatively -- it will be properly scheduled when the scheduler starts
2018-04-13 16:26:14,980 INFO base add_job Line:433 ==> Adding job tentatively -- it will be properly scheduled when the scheduler starts
2018-04-13 16:26:14,980 INFO base add_job Line:433 ==> Adding job tentatively -- it will be properly scheduled when the scheduler starts
2018-04-13 16:26:14,985 INFO base add_job Line:433 ==> Adding job tentatively -- it will be properly scheduled when the scheduler starts
2018-04-13 16:26:14,985 INFO base add_job Line:433 ==> Adding job tentatively -- it will be properly scheduled when the scheduler starts
2018-04-13 16:26:14,985 INFO base add_job Line:433 ==> Adding job tentatively -- it will be properly scheduled when the scheduler starts
2018-04-13 16:26:14,985 INFO Start <module> Line:22 ==> 项目启动完成============>
2018-04-13 16:26:14,985 INFO Start <module> Line:22 ==> 项目启动完成============>
2018-04-13 16:26:14,985 INFO Start <module> Line:22 ==> 项目启动完成============>
2018-04-13 19:05:00,929 INFO DbUtil __init__ Line:17 ==> 数据库操作工具类初始化完成
2018-04-13 19:05:01,031 INFO TotalTimer hour Line:60 ==> 汇总数据小时统计开始=============>
2018-04-13 19:05:01,031 INFO TotalTimer hour Line:60 ==> 汇总数据小时统计开始=============>
2018-04-13 19:05:01,031 INFO TotalTimer hour Line:60 ==> 汇总数据小时统计开始=============>
2018-04-13 19:05:01,031 INFO DbUtil getConnect Line:20 ==> 获取数据库连接
2018-04-13 19:05:01,031 INFO DbUtil getConnect Line:20 ==> 获取数据库连接
2018-04-13 19:05:01,031 INFO DbUtil getConnect Line:20 ==> 获取数据库连接
2018-04-13 19:06:43,911 INFO DbUtil dbClose Line:29 ==> 关闭数据库连接
2018-04-13 19:06:43,911 INFO DbUtil dbClose Line:29 ==> 关闭数据库连接
2018-04-13 19:06:43,911 INFO DbUtil dbClose Line:29 ==> 关闭数据库连接
2018-04-13 19:06:43,911 INFO TotalTimer hour Line:106 ==> 汇总数据小时统计结束=============>
2018-04-13 19:06:43,911 INFO TotalTimer hour Line:106 ==> 汇总数据小时统计结束=============>
2018-04-13 19:06:43,911 INFO TotalTimer hour Line:106 ==> 汇总数据小时统计结束=============>
2018-04-13 19:06:43,950 INFO base add_job Line:433 ==> Adding job tentatively -- it will be properly scheduled when the scheduler starts
2018-04-13 19:06:43,950 INFO base add_job Line:433 ==> Adding job tentatively -- it will be properly scheduled when the scheduler starts
2018-04-13 19:06:43,950 INFO base add_job Line:433 ==> Adding job tentatively -- it will be properly scheduled when the scheduler starts
2018-04-13 19:06:43,955 INFO base add_job Line:433 ==> Adding job tentatively -- it will be properly scheduled when the scheduler starts
2018-04-13 19:06:43,955 INFO base add_job Line:433 ==> Adding job tentatively -- it will be properly scheduled when the scheduler starts
2018-04-13 19:06:43,955 INFO base add_job Line:433 ==> Adding job tentatively -- it will be properly scheduled when the scheduler starts
2018-04-13 19:06:43,955 INFO Start <module> Line:22 ==> 项目启动完成============>
2018-04-13 19:06:43,955 INFO Start <module> Line:22 ==> 项目启动完成============>
2018-04-13 19:06:43,955 INFO Start <module> Line:22 ==> 项目启动完成============>
2018-04-13 19:07:32,519 INFO DbUtil __init__ Line:17 ==> 数据库操作工具类初始化完成
2018-04-13 19:07:32,621 INFO TotalTimer hour Line:60 ==> 汇总数据小时统计开始=============>
2018-04-13 19:07:32,621 INFO TotalTimer hour Line:60 ==> 汇总数据小时统计开始=============>
2018-04-13 19:07:32,621 INFO TotalTimer hour Line:60 ==> 汇总数据小时统计开始=============>
2018-04-13 19:07:32,621 INFO DbUtil getConnect Line:20 ==> 获取数据库连接
2018-04-13 19:07:32,621 INFO DbUtil getConnect Line:20 ==> 获取数据库连接
2018-04-13 19:07:32,621 INFO DbUtil getConnect Line:20 ==> 获取数据库连接
2018-04-13 19:09:17,328 INFO DbUtil dbClose Line:29 ==> 关闭数据库连接
2018-04-13 19:09:17,328 INFO DbUtil dbClose Line:29 ==> 关闭数据库连接
2018-04-13 19:09:17,328 INFO DbUtil dbClose Line:29 ==> 关闭数据库连接
2018-04-13 19:09:17,329 INFO TotalTimer hour Line:106 ==> 汇总数据小时统计结束=============>
2018-04-13 19:09:17,329 INFO TotalTimer hour Line:106 ==> 汇总数据小时统计结束=============>
2018-04-13 19:09:17,329 INFO TotalTimer hour Line:106 ==> 汇总数据小时统计结束=============>
2018-04-13 19:09:17,403 INFO base add_job Line:433 ==> Adding job tentatively -- it will be properly scheduled when the scheduler starts
2018-04-13 19:09:17,403 INFO base add_job Line:433 ==> Adding job tentatively -- it will be properly scheduled when the scheduler starts
2018-04-13 19:09:17,403 INFO base add_job Line:433 ==> Adding job tentatively -- it will be properly scheduled when the scheduler starts
2018-04-13 19:09:17,408 INFO base add_job Line:433 ==> Adding job tentatively -- it will be properly scheduled when the scheduler starts
2018-04-13 19:09:17,408 INFO base add_job Line:433 ==> Adding job tentatively -- it will be properly scheduled when the scheduler starts
2018-04-13 19:09:17,408 INFO base add_job Line:433 ==> Adding job tentatively -- it will be properly scheduled when the scheduler starts
2018-04-13 19:09:17,408 INFO Start <module> Line:22 ==> 项目启动完成============>
2018-04-13 19:09:17,408 INFO Start <module> Line:22 ==> 项目启动完成============>
2018-04-13 19:09:17,408 INFO Start <module> Line:22 ==> 项目启动完成============>
2018-04-13 19:18:08,437 INFO DbUtil __init__ Line:17 ==> 数据库操作工具类初始化完成
2018-04-13 19:18:08,557 INFO TotalTimer day Line:16 ==> 汇总数据每日统计开始=============>
2018-04-13 19:18:08,557 INFO TotalTimer day Line:16 ==> 汇总数据每日统计开始=============>
2018-04-13 19:18:08,557 INFO TotalTimer day Line:16 ==> 汇总数据每日统计开始=============>
2018-04-13 19:18:08,557 INFO DbUtil getConnect Line:20 ==> 获取数据库连接
2018-04-13 19:18:08,557 INFO DbUtil getConnect Line:20 ==> 获取数据库连接
2018-04-13 19:18:08,557 INFO DbUtil getConnect Line:20 ==> 获取数据库连接
2018-04-13 19:18:12,468 INFO DbUtil dbClose Line:29 ==> 关闭数据库连接
2018-04-13 19:18:12,468 INFO DbUtil dbClose Line:29 ==> 关闭数据库连接
2018-04-13 19:18:12,468 INFO DbUtil dbClose Line:29 ==> 关闭数据库连接
2018-04-13 19:18:12,469 INFO TotalTimer day Line:61 ==> 汇总数据每日统计结束=============>
2018-04-13 19:18:12,469 INFO TotalTimer day Line:61 ==> 汇总数据每日统计结束=============>
2018-04-13 19:18:12,469 INFO TotalTimer day Line:61 ==> 汇总数据每日统计结束=============>
2018-04-13 19:18:12,507 INFO base add_job Line:433 ==> Adding job tentatively -- it will be properly scheduled when the scheduler starts
2018-04-13 19:18:12,507 INFO base add_job Line:433 ==> Adding job tentatively -- it will be properly scheduled when the scheduler starts
2018-04-13 19:18:12,507 INFO base add_job Line:433 ==> Adding job tentatively -- it will be properly scheduled when the scheduler starts
2018-04-13 19:18:12,513 INFO base add_job Line:433 ==> Adding job tentatively -- it will be properly scheduled when the scheduler starts
2018-04-13 19:18:12,513 INFO base add_job Line:433 ==> Adding job tentatively -- it will be properly scheduled when the scheduler starts
2018-04-13 19:18:12,513 INFO base add_job Line:433 ==> Adding job tentatively -- it will be properly scheduled when the scheduler starts
2018-04-13 19:18:12,513 INFO Start <module> Line:22 ==> 项目启动完成============>
2018-04-13 19:18:12,513 INFO Start <module> Line:22 ==> 项目启动完成============>
2018-04-13 19:18:12,513 INFO Start <module> Line:22 ==> 项目启动完成============>
2018-04-13 19:22:13,796 INFO DbUtil __init__ Line:17 ==> 数据库操作工具类初始化完成
2018-04-13 19:22:13,900 INFO TotalTimer day Line:16 ==> 汇总数据每日统计开始=============>
2018-04-13 19:22:13,900 INFO TotalTimer day Line:16 ==> 汇总数据每日统计开始=============>
2018-04-13 19:22:13,900 INFO TotalTimer day Line:16 ==> 汇总数据每日统计开始=============>
2018-04-13 19:22:13,900 INFO DbUtil getConnect Line:20 ==> 获取数据库连接
2018-04-13 19:22:13,900 INFO DbUtil getConnect Line:20 ==> 获取数据库连接
2018-04-13 19:22:13,900 INFO DbUtil getConnect Line:20 ==> 获取数据库连接
2018-04-13 19:22:17,711 INFO DbUtil dbClose Line:29 ==> 关闭数据库连接
2018-04-13 19:22:17,711 INFO DbUtil dbClose Line:29 ==> 关闭数据库连接
2018-04-13 19:22:17,711 INFO DbUtil dbClose Line:29 ==> 关闭数据库连接
2018-04-13 19:22:17,712 INFO TotalTimer day Line:61 ==> 汇总数据每日统计结束=============>
2018-04-13 19:22:17,712 INFO TotalTimer day Line:61 ==> 汇总数据每日统计结束=============>
2018-04-13 19:22:17,712 INFO TotalTimer day Line:61 ==> 汇总数据每日统计结束=============>
2018-04-13 19:22:17,753 INFO base add_job Line:433 ==> Adding job tentatively -- it will be properly scheduled when the scheduler starts
2018-04-13 19:22:17,753 INFO base add_job Line:433 ==> Adding job tentatively -- it will be properly scheduled when the scheduler starts
2018-04-13 19:22:17,753 INFO base add_job Line:433 ==> Adding job tentatively -- it will be properly scheduled when the scheduler starts
2018-04-13 19:22:17,758 INFO base add_job Line:433 ==> Adding job tentatively -- it will be properly scheduled when the scheduler starts
2018-04-13 19:22:17,758 INFO base add_job Line:433 ==> Adding job tentatively -- it will be properly scheduled when the scheduler starts
2018-04-13 19:22:17,758 INFO base add_job Line:433 ==> Adding job tentatively -- it will be properly scheduled when the scheduler starts
2018-04-13 19:22:17,758 INFO Start <module> Line:22 ==> 项目启动完成============>
2018-04-13 19:22:17,758 INFO Start <module> Line:22 ==> 项目启动完成============>
2018-04-13 19:22:17,758 INFO Start <module> Line:22 ==> 项目启动完成============>
2018-04-13 19:22:52,629 INFO DbUtil __init__ Line:17 ==> 数据库操作工具类初始化完成
2018-04-13 19:22:52,731 INFO TotalTimer day Line:16 ==> 汇总数据每日统计开始=============>
2018-04-13 19:22:52,731 INFO TotalTimer day Line:16 ==> 汇总数据每日统计开始=============>
2018-04-13 19:22:52,731 INFO TotalTimer day Line:16 ==> 汇总数据每日统计开始=============>
2018-04-13 19:22:52,731 INFO DbUtil getConnect Line:20 ==> 获取数据库连接
2018-04-13 19:22:52,731 INFO DbUtil getConnect Line:20 ==> 获取数据库连接
2018-04-13 19:22:52,731 INFO DbUtil getConnect Line:20 ==> 获取数据库连接
2018-04-13 19:22:56,611 INFO DbUtil dbClose Line:29 ==> 关闭数据库连接
2018-04-13 19:22:56,611 INFO DbUtil dbClose Line:29 ==> 关闭数据库连接
2018-04-13 19:22:56,611 INFO DbUtil dbClose Line:29 ==> 关闭数据库连接
2018-04-13 19:22:56,612 INFO TotalTimer day Line:61 ==> 汇总数据每日统计结束=============>
2018-04-13 19:22:56,612 INFO TotalTimer day Line:61 ==> 汇总数据每日统计结束=============>
2018-04-13 19:22:56,612 INFO TotalTimer day Line:61 ==> 汇总数据每日统计结束=============>
2018-04-13 19:22:56,653 INFO base add_job Line:433 ==> Adding job tentatively -- it will be properly scheduled when the scheduler starts
2018-04-13 19:22:56,653 INFO base add_job Line:433 ==> Adding job tentatively -- it will be properly scheduled when the scheduler starts
2018-04-13 19:22:56,653 INFO base add_job Line:433 ==> Adding job tentatively -- it will be properly scheduled when the scheduler starts
2018-04-13 19:22:56,657 INFO base add_job Line:433 ==> Adding job tentatively -- it will be properly scheduled when the scheduler starts
2018-04-13 19:22:56,657 INFO base add_job Line:433 ==> Adding job tentatively -- it will be properly scheduled when the scheduler starts
2018-04-13 19:22:56,657 INFO base add_job Line:433 ==> Adding job tentatively -- it will be properly scheduled when the scheduler starts
2018-04-13 19:22:56,658 INFO Start <module> Line:22 ==> 项目启动完成============>
2018-04-13 19:22:56,658 INFO Start <module> Line:22 ==> 项目启动完成============>
2018-04-13 19:22:56,658 INFO Start <module> Line:22 ==> 项目启动完成============>
2018-04-13 19:35:36,981 INFO DbUtil __init__ Line:17 ==> 数据库操作工具类初始化完成
2018-04-13 19:35:37,084 INFO TotalTimer day Line:16 ==> 汇总数据每日统计开始=============>
2018-04-13 19:35:37,084 INFO TotalTimer day Line:16 ==> 汇总数据每日统计开始=============>
2018-04-13 19:35:37,084 INFO TotalTimer day Line:16 ==> 汇总数据每日统计开始=============>
2018-04-13 19:35:37,085 INFO DbUtil getConnect Line:20 ==> 获取数据库连接
2018-04-13 19:35:37,085 INFO DbUtil getConnect Line:20 ==> 获取数据库连接
2018-04-13 19:35:37,085 INFO DbUtil getConnect Line:20 ==> 获取数据库连接
2018-04-13 19:35:41,187 INFO DbUtil dbClose Line:29 ==> 关闭数据库连接
2018-04-13 19:35:41,187 INFO DbUtil dbClose Line:29 ==> 关闭数据库连接
2018-04-13 19:35:41,187 INFO DbUtil dbClose Line:29 ==> 关闭数据库连接
2018-04-13 19:35:41,188 INFO TotalTimer day Line:72 ==> 汇总数据每日统计结束=============>
2018-04-13 19:35:41,188 INFO TotalTimer day Line:72 ==> 汇总数据每日统计结束=============>
2018-04-13 19:35:41,188 INFO TotalTimer day Line:72 ==> 汇总数据每日统计结束=============>
2018-04-13 19:35:41,253 INFO base add_job Line:433 ==> Adding job tentatively -- it will be properly scheduled when the scheduler starts
2018-04-13 19:35:41,253 INFO base add_job Line:433 ==> Adding job tentatively -- it will be properly scheduled when the scheduler starts
2018-04-13 19:35:41,253 INFO base add_job Line:433 ==> Adding job tentatively -- it will be properly scheduled when the scheduler starts
2018-04-13 19:35:41,258 INFO base add_job Line:433 ==> Adding job tentatively -- it will be properly scheduled when the scheduler starts
2018-04-13 19:35:41,258 INFO base add_job Line:433 ==> Adding job tentatively -- it will be properly scheduled when the scheduler starts
2018-04-13 19:35:41,258 INFO base add_job Line:433 ==> Adding job tentatively -- it will be properly scheduled when the scheduler starts
2018-04-13 19:35:41,258 INFO Start <module> Line:22 ==> 项目启动完成============>
2018-04-13 19:35:41,258 INFO Start <module> Line:22 ==> 项目启动完成============>
2018-04-13 19:35:41,258 INFO Start <module> Line:22 ==> 项目启动完成============>
2018-04-13 19:36:18,958 INFO DbUtil __init__ Line:17 ==> 数据库操作工具类初始化完成
2018-04-13 19:36:19,059 INFO TotalTimer hour Line:76 ==> 汇总数据小时统计开始=============>
2018-04-13 19:36:19,059 INFO TotalTimer hour Line:76 ==> 汇总数据小时统计开始=============>
2018-04-13 19:36:19,059 INFO TotalTimer hour Line:76 ==> 汇总数据小时统计开始=============>
2018-04-13 19:36:19,060 INFO DbUtil getConnect Line:20 ==> 获取数据库连接
2018-04-13 19:36:19,060 INFO DbUtil getConnect Line:20 ==> 获取数据库连接
2018-04-13 19:36:19,060 INFO DbUtil getConnect Line:20 ==> 获取数据库连接
2018-04-13 19:38:02,011 INFO DbUtil dbClose Line:29 ==> 关闭数据库连接
2018-04-13 19:38:02,011 INFO DbUtil dbClose Line:29 ==> 关闭数据库连接
2018-04-13 19:38:02,011 INFO DbUtil dbClose Line:29 ==> 关闭数据库连接
2018-04-13 19:38:02,012 INFO TotalTimer hour Line:139 ==> 汇总数据小时统计结束=============>
2018-04-13 19:38:02,012 INFO TotalTimer hour Line:139 ==> 汇总数据小时统计结束=============>
2018-04-13 19:38:02,012 INFO TotalTimer hour Line:139 ==> 汇总数据小时统计结束=============>
2018-04-13 19:38:02,051 INFO base add_job Line:433 ==> Adding job tentatively -- it will be properly scheduled when the scheduler starts
2018-04-13 19:38:02,051 INFO base add_job Line:433 ==> Adding job tentatively -- it will be properly scheduled when the scheduler starts
2018-04-13 19:38:02,051 INFO base add_job Line:433 ==> Adding job tentatively -- it will be properly scheduled when the scheduler starts
2018-04-13 19:38:02,057 INFO base add_job Line:433 ==> Adding job tentatively -- it will be properly scheduled when the scheduler starts
2018-04-13 19:38:02,057 INFO base add_job Line:433 ==> Adding job tentatively -- it will be properly scheduled when the scheduler starts
2018-04-13 19:38:02,057 INFO base add_job Line:433 ==> Adding job tentatively -- it will be properly scheduled when the scheduler starts
2018-04-13 19:38:02,057 INFO Start <module> Line:22 ==> 项目启动完成============>
2018-04-13 19:38:02,057 INFO Start <module> Line:22 ==> 项目启动完成============>
2018-04-13 19:38:02,057 INFO Start <module> Line:22 ==> 项目启动完成============>
2018-04-13 19:38:46,683 INFO DbUtil __init__ Line:17 ==> 数据库操作工具类初始化完成
2018-04-13 19:38:46,787 INFO TotalTimer hour Line:76 ==> 汇总数据小时统计开始=============>
2018-04-13 19:38:46,787 INFO TotalTimer hour Line:76 ==> 汇总数据小时统计开始=============>
2018-04-13 19:38:46,787 INFO TotalTimer hour Line:76 ==> 汇总数据小时统计开始=============>
2018-04-13 19:38:46,787 INFO DbUtil getConnect Line:20 ==> 获取数据库连接
2018-04-13 19:38:46,787 INFO DbUtil getConnect Line:20 ==> 获取数据库连接
2018-04-13 19:38:46,787 INFO DbUtil getConnect Line:20 ==> 获取数据库连接
2018-04-13 19:40:33,468 INFO DbUtil dbClose Line:29 ==> 关闭数据库连接
2018-04-13 19:40:33,468 INFO DbUtil dbClose Line:29 ==> 关闭数据库连接
2018-04-13 19:40:33,468 INFO DbUtil dbClose Line:29 ==> 关闭数据库连接
2018-04-13 19:40:33,469 INFO TotalTimer hour Line:139 ==> 汇总数据小时统计结束=============>
2018-04-13 19:40:33,469 INFO TotalTimer hour Line:139 ==> 汇总数据小时统计结束=============>
2018-04-13 19:40:33,469 INFO TotalTimer hour Line:139 ==> 汇总数据小时统计结束=============>
2018-04-13 19:40:33,545 INFO base add_job Line:433 ==> Adding job tentatively -- it will be properly scheduled when the scheduler starts
2018-04-13 19:40:33,545 INFO base add_job Line:433 ==> Adding job tentatively -- it will be properly scheduled when the scheduler starts
2018-04-13 19:40:33,545 INFO base add_job Line:433 ==> Adding job tentatively -- it will be properly scheduled when the scheduler starts
2018-04-13 19:40:33,550 INFO base add_job Line:433 ==> Adding job tentatively -- it will be properly scheduled when the scheduler starts
2018-04-13 19:40:33,550 INFO base add_job Line:433 ==> Adding job tentatively -- it will be properly scheduled when the scheduler starts
2018-04-13 19:40:33,550 INFO base add_job Line:433 ==> Adding job tentatively -- it will be properly scheduled when the scheduler starts
2018-04-13 19:40:33,550 INFO Start <module> Line:22 ==> 项目启动完成============>
2018-04-13 19:40:33,550 INFO Start <module> Line:22 ==> 项目启动完成============>
2018-04-13 19:40:33,550 INFO Start <module> Line:22 ==> 项目启动完成============>
