2018-04-14 21:02:52,872 INFO DbUtil __init__ Line:17 ==> 数据库操作工具类初始化完成
2018-04-14 21:02:52,878 INFO DbUtil __init__ Line:17 ==> 数据库操作工具类初始化完成
2018-04-14 21:02:52,878 INFO DbUtil __init__ Line:17 ==> 数据库操作工具类初始化完成
2018-04-14 21:02:52,884 INFO DbUtil __init__ Line:17 ==> 数据库操作工具类初始化完成
2018-04-14 21:02:52,884 INFO DbUtil __init__ Line:17 ==> 数据库操作工具类初始化完成
2018-04-14 21:02:52,884 INFO DbUtil __init__ Line:17 ==> 数据库操作工具类初始化完成
2018-04-14 21:02:52,893 INFO DbUtil __init__ Line:17 ==> 数据库操作工具类初始化完成
2018-04-14 21:02:52,893 INFO DbUtil __init__ Line:17 ==> 数据库操作工具类初始化完成
2018-04-14 21:02:52,893 INFO DbUtil __init__ Line:17 ==> 数据库操作工具类初始化完成
2018-04-14 21:02:52,893 INFO DbUtil __init__ Line:17 ==> 数据库操作工具类初始化完成
2018-04-14 21:02:53,039 INFO base add_job Line:433 ==> Adding job tentatively -- it will be properly scheduled when the scheduler starts
2018-04-14 21:02:53,039 INFO base add_job Line:433 ==> Adding job tentatively -- it will be properly scheduled when the scheduler starts
2018-04-14 21:02:53,039 INFO base add_job Line:433 ==> Adding job tentatively -- it will be properly scheduled when the scheduler starts
2018-04-14 21:02:53,039 INFO base add_job Line:433 ==> Adding job tentatively -- it will be properly scheduled when the scheduler starts
2018-04-14 21:02:53,039 INFO base add_job Line:433 ==> Adding job tentatively -- it will be properly scheduled when the scheduler starts
2018-04-14 21:02:53,039 INFO base add_job Line:433 ==> Adding job tentatively -- it will be properly scheduled when the scheduler starts
2018-04-14 21:02:53,039 INFO base add_job Line:433 ==> Adding job tentatively -- it will be properly scheduled when the scheduler starts
2018-04-14 21:02:53,039 INFO base add_job Line:433 ==> Adding job tentatively -- it will be properly scheduled when the scheduler starts
2018-04-14 21:02:53,039 INFO base add_job Line:433 ==> Adding job tentatively -- it will be properly scheduled when the scheduler starts
2018-04-14 21:02:53,039 INFO base add_job Line:433 ==> Adding job tentatively -- it will be properly scheduled when the scheduler starts
2018-04-14 21:02:53,039 INFO base add_job Line:433 ==> Adding job tentatively -- it will be properly scheduled when the scheduler starts
2018-04-14 21:02:53,039 INFO base add_job Line:433 ==> Adding job tentatively -- it will be properly scheduled when the scheduler starts
2018-04-14 21:02:53,040 INFO base add_job Line:433 ==> Adding job tentatively -- it will be properly scheduled when the scheduler starts
2018-04-14 21:02:53,040 INFO base add_job Line:433 ==> Adding job tentatively -- it will be properly scheduled when the scheduler starts
2018-04-14 21:02:53,040 INFO base add_job Line:433 ==> Adding job tentatively -- it will be properly scheduled when the scheduler starts
2018-04-14 21:02:53,040 INFO base add_job Line:433 ==> Adding job tentatively -- it will be properly scheduled when the scheduler starts
2018-04-14 21:02:53,040 INFO base add_job Line:433 ==> Adding job tentatively -- it will be properly scheduled when the scheduler starts
2018-04-14 21:02:53,040 INFO base add_job Line:433 ==> Adding job tentatively -- it will be properly scheduled when the scheduler starts
2018-04-14 21:02:53,040 INFO base add_job Line:433 ==> Adding job tentatively -- it will be properly scheduled when the scheduler starts
2018-04-14 21:02:53,040 INFO base add_job Line:433 ==> Adding job tentatively -- it will be properly scheduled when the scheduler starts
2018-04-14 21:02:53,040 INFO base add_job Line:433 ==> Adding job tentatively -- it will be properly scheduled when the scheduler starts
2018-04-14 21:02:53,040 INFO base add_job Line:433 ==> Adding job tentatively -- it will be properly scheduled when the scheduler starts
2018-04-14 21:02:53,040 INFO base add_job Line:433 ==> Adding job tentatively -- it will be properly scheduled when the scheduler starts
2018-04-14 21:02:53,040 INFO base add_job Line:433 ==> Adding job tentatively -- it will be properly scheduled when the scheduler starts
2018-04-14 21:02:53,041 INFO base add_job Line:433 ==> Adding job tentatively -- it will be properly scheduled when the scheduler starts
2018-04-14 21:02:53,041 INFO base add_job Line:433 ==> Adding job tentatively -- it will be properly scheduled when the scheduler starts
2018-04-14 21:02:53,041 INFO base add_job Line:433 ==> Adding job tentatively -- it will be properly scheduled when the scheduler starts
2018-04-14 21:02:53,041 INFO base add_job Line:433 ==> Adding job tentatively -- it will be properly scheduled when the scheduler starts
2018-04-14 21:02:53,041 INFO base add_job Line:433 ==> Adding job tentatively -- it will be properly scheduled when the scheduler starts
2018-04-14 21:02:53,041 INFO base add_job Line:433 ==> Adding job tentatively -- it will be properly scheduled when the scheduler starts
2018-04-14 21:02:53,041 INFO base add_job Line:433 ==> Adding job tentatively -- it will be properly scheduled when the scheduler starts
2018-04-14 21:02:53,041 INFO base add_job Line:433 ==> Adding job tentatively -- it will be properly scheduled when the scheduler starts
2018-04-14 21:02:53,041 INFO base add_job Line:433 ==> Adding job tentatively -- it will be properly scheduled when the scheduler starts
2018-04-14 21:02:53,041 INFO base add_job Line:433 ==> Adding job tentatively -- it will be properly scheduled when the scheduler starts
2018-04-14 21:02:53,041 INFO base add_job Line:433 ==> Adding job tentatively -- it will be properly scheduled when the scheduler starts
2018-04-14 21:02:53,041 INFO base add_job Line:433 ==> Adding job tentatively -- it will be properly scheduled when the scheduler starts
2018-04-14 21:02:53,042 INFO base add_job Line:433 ==> Adding job tentatively -- it will be properly scheduled when the scheduler starts
2018-04-14 21:02:53,042 INFO base add_job Line:433 ==> Adding job tentatively -- it will be properly scheduled when the scheduler starts
2018-04-14 21:02:53,042 INFO base add_job Line:433 ==> Adding job tentatively -- it will be properly scheduled when the scheduler starts
2018-04-14 21:02:53,042 INFO base add_job Line:433 ==> Adding job tentatively -- it will be properly scheduled when the scheduler starts
2018-04-14 21:02:53,042 INFO base add_job Line:433 ==> Adding job tentatively -- it will be properly scheduled when the scheduler starts
2018-04-14 21:02:53,042 INFO base add_job Line:433 ==> Adding job tentatively -- it will be properly scheduled when the scheduler starts
2018-04-14 21:02:53,042 INFO base add_job Line:433 ==> Adding job tentatively -- it will be properly scheduled when the scheduler starts
2018-04-14 21:02:53,042 INFO base add_job Line:433 ==> Adding job tentatively -- it will be properly scheduled when the scheduler starts
2018-04-14 21:02:53,042 INFO base add_job Line:433 ==> Adding job tentatively -- it will be properly scheduled when the scheduler starts
2018-04-14 21:02:53,042 INFO base add_job Line:433 ==> Adding job tentatively -- it will be properly scheduled when the scheduler starts
2018-04-14 21:02:53,042 INFO base add_job Line:433 ==> Adding job tentatively -- it will be properly scheduled when the scheduler starts
2018-04-14 21:02:53,042 INFO base add_job Line:433 ==> Adding job tentatively -- it will be properly scheduled when the scheduler starts
2018-04-14 21:02:53,043 INFO base add_job Line:433 ==> Adding job tentatively -- it will be properly scheduled when the scheduler starts
2018-04-14 21:02:53,043 INFO base add_job Line:433 ==> Adding job tentatively -- it will be properly scheduled when the scheduler starts
2018-04-14 21:02:53,043 INFO base add_job Line:433 ==> Adding job tentatively -- it will be properly scheduled when the scheduler starts
2018-04-14 21:02:53,043 INFO base add_job Line:433 ==> Adding job tentatively -- it will be properly scheduled when the scheduler starts
2018-04-14 21:02:53,043 INFO base add_job Line:433 ==> Adding job tentatively -- it will be properly scheduled when the scheduler starts
2018-04-14 21:02:53,043 INFO base add_job Line:433 ==> Adding job tentatively -- it will be properly scheduled when the scheduler starts
2018-04-14 21:02:53,043 INFO base add_job Line:433 ==> Adding job tentatively -- it will be properly scheduled when the scheduler starts
2018-04-14 21:02:53,043 INFO base add_job Line:433 ==> Adding job tentatively -- it will be properly scheduled when the scheduler starts
2018-04-14 21:02:53,043 INFO base add_job Line:433 ==> Adding job tentatively -- it will be properly scheduled when the scheduler starts
2018-04-14 21:02:53,043 INFO base add_job Line:433 ==> Adding job tentatively -- it will be properly scheduled when the scheduler starts
2018-04-14 21:02:53,043 INFO base add_job Line:433 ==> Adding job tentatively -- it will be properly scheduled when the scheduler starts
2018-04-14 21:02:53,043 INFO base add_job Line:433 ==> Adding job tentatively -- it will be properly scheduled when the scheduler starts
2018-04-14 21:02:53,044 INFO base add_job Line:433 ==> Adding job tentatively -- it will be properly scheduled when the scheduler starts
2018-04-14 21:02:53,044 INFO base add_job Line:433 ==> Adding job tentatively -- it will be properly scheduled when the scheduler starts
2018-04-14 21:02:53,044 INFO base add_job Line:433 ==> Adding job tentatively -- it will be properly scheduled when the scheduler starts
2018-04-14 21:02:53,044 INFO base add_job Line:433 ==> Adding job tentatively -- it will be properly scheduled when the scheduler starts
2018-04-14 21:02:53,044 INFO base add_job Line:433 ==> Adding job tentatively -- it will be properly scheduled when the scheduler starts
2018-04-14 21:02:53,044 INFO base add_job Line:433 ==> Adding job tentatively -- it will be properly scheduled when the scheduler starts
2018-04-14 21:02:53,044 INFO base add_job Line:433 ==> Adding job tentatively -- it will be properly scheduled when the scheduler starts
2018-04-14 21:02:53,044 INFO base add_job Line:433 ==> Adding job tentatively -- it will be properly scheduled when the scheduler starts
2018-04-14 21:02:53,044 INFO base add_job Line:433 ==> Adding job tentatively -- it will be properly scheduled when the scheduler starts
2018-04-14 21:02:53,044 INFO base add_job Line:433 ==> Adding job tentatively -- it will be properly scheduled when the scheduler starts
2018-04-14 21:02:53,044 INFO base add_job Line:433 ==> Adding job tentatively -- it will be properly scheduled when the scheduler starts
2018-04-14 21:02:53,044 INFO base add_job Line:433 ==> Adding job tentatively -- it will be properly scheduled when the scheduler starts
2018-04-14 21:02:53,044 INFO Start <module> Line:62 ==> 项目启动完成============>
2018-04-14 21:02:53,044 INFO Start <module> Line:62 ==> 项目启动完成============>
2018-04-14 21:02:53,044 INFO Start <module> Line:62 ==> 项目启动完成============>
2018-04-14 21:02:53,044 INFO Start <module> Line:62 ==> 项目启动完成============>
2018-04-14 21:02:53,044 INFO Start <module> Line:62 ==> 项目启动完成============>
2018-04-14 21:02:53,044 INFO Start <module> Line:62 ==> 项目启动完成============>
2018-04-14 21:02:53,045 INFO base _real_add_job Line:867 ==> Added job "total_day" to job store "default"
2018-04-14 21:02:53,045 INFO base _real_add_job Line:867 ==> Added job "total_day" to job store "default"
2018-04-14 21:02:53,045 INFO base _real_add_job Line:867 ==> Added job "total_day" to job store "default"
2018-04-14 21:02:53,045 INFO base _real_add_job Line:867 ==> Added job "total_day" to job store "default"
2018-04-14 21:02:53,045 INFO base _real_add_job Line:867 ==> Added job "total_day" to job store "default"
2018-04-14 21:02:53,045 INFO base _real_add_job Line:867 ==> Added job "total_day" to job store "default"
2018-04-14 21:02:53,045 INFO base _real_add_job Line:867 ==> Added job "total_hour" to job store "default"
2018-04-14 21:02:53,045 INFO base _real_add_job Line:867 ==> Added job "total_hour" to job store "default"
2018-04-14 21:02:53,045 INFO base _real_add_job Line:867 ==> Added job "total_hour" to job store "default"
2018-04-14 21:02:53,045 INFO base _real_add_job Line:867 ==> Added job "total_hour" to job store "default"
2018-04-14 21:02:53,045 INFO base _real_add_job Line:867 ==> Added job "total_hour" to job store "default"
2018-04-14 21:02:53,045 INFO base _real_add_job Line:867 ==> Added job "total_hour" to job store "default"
2018-04-14 21:02:53,046 INFO base _real_add_job Line:867 ==> Added job "log_view_day" to job store "default"
2018-04-14 21:02:53,046 INFO base _real_add_job Line:867 ==> Added job "log_view_day" to job store "default"
2018-04-14 21:02:53,046 INFO base _real_add_job Line:867 ==> Added job "log_view_day" to job store "default"
2018-04-14 21:02:53,046 INFO base _real_add_job Line:867 ==> Added job "log_view_day" to job store "default"
2018-04-14 21:02:53,046 INFO base _real_add_job Line:867 ==> Added job "log_view_day" to job store "default"
2018-04-14 21:02:53,046 INFO base _real_add_job Line:867 ==> Added job "log_view_day" to job store "default"
2018-04-14 21:02:53,046 INFO base _real_add_job Line:867 ==> Added job "log_view_hour" to job store "default"
2018-04-14 21:02:53,046 INFO base _real_add_job Line:867 ==> Added job "log_view_hour" to job store "default"
2018-04-14 21:02:53,046 INFO base _real_add_job Line:867 ==> Added job "log_view_hour" to job store "default"
2018-04-14 21:02:53,046 INFO base _real_add_job Line:867 ==> Added job "log_view_hour" to job store "default"
2018-04-14 21:02:53,046 INFO base _real_add_job Line:867 ==> Added job "log_view_hour" to job store "default"
2018-04-14 21:02:53,046 INFO base _real_add_job Line:867 ==> Added job "log_view_hour" to job store "default"
2018-04-14 21:02:53,047 INFO base _real_add_job Line:867 ==> Added job "ad_click_day" to job store "default"
2018-04-14 21:02:53,047 INFO base _real_add_job Line:867 ==> Added job "ad_click_day" to job store "default"
2018-04-14 21:02:53,047 INFO base _real_add_job Line:867 ==> Added job "ad_click_day" to job store "default"
2018-04-14 21:02:53,047 INFO base _real_add_job Line:867 ==> Added job "ad_click_day" to job store "default"
2018-04-14 21:02:53,047 INFO base _real_add_job Line:867 ==> Added job "ad_click_day" to job store "default"
2018-04-14 21:02:53,047 INFO base _real_add_job Line:867 ==> Added job "ad_click_day" to job store "default"
2018-04-14 21:02:53,047 INFO base _real_add_job Line:867 ==> Added job "ad_click_hour" to job store "default"
2018-04-14 21:02:53,047 INFO base _real_add_job Line:867 ==> Added job "ad_click_hour" to job store "default"
2018-04-14 21:02:53,047 INFO base _real_add_job Line:867 ==> Added job "ad_click_hour" to job store "default"
2018-04-14 21:02:53,047 INFO base _real_add_job Line:867 ==> Added job "ad_click_hour" to job store "default"
2018-04-14 21:02:53,047 INFO base _real_add_job Line:867 ==> Added job "ad_click_hour" to job store "default"
2018-04-14 21:02:53,047 INFO base _real_add_job Line:867 ==> Added job "ad_click_hour" to job store "default"
2018-04-14 21:02:53,047 INFO base _real_add_job Line:867 ==> Added job "video_day" to job store "default"
2018-04-14 21:02:53,047 INFO base _real_add_job Line:867 ==> Added job "video_day" to job store "default"
2018-04-14 21:02:53,047 INFO base _real_add_job Line:867 ==> Added job "video_day" to job store "default"
2018-04-14 21:02:53,047 INFO base _real_add_job Line:867 ==> Added job "video_day" to job store "default"
2018-04-14 21:02:53,047 INFO base _real_add_job Line:867 ==> Added job "video_day" to job store "default"
2018-04-14 21:02:53,047 INFO base _real_add_job Line:867 ==> Added job "video_day" to job store "default"
2018-04-14 21:02:53,048 INFO base _real_add_job Line:867 ==> Added job "video_hour" to job store "default"
2018-04-14 21:02:53,048 INFO base _real_add_job Line:867 ==> Added job "video_hour" to job store "default"
2018-04-14 21:02:53,048 INFO base _real_add_job Line:867 ==> Added job "video_hour" to job store "default"
2018-04-14 21:02:53,048 INFO base _real_add_job Line:867 ==> Added job "video_hour" to job store "default"
2018-04-14 21:02:53,048 INFO base _real_add_job Line:867 ==> Added job "video_hour" to job store "default"
2018-04-14 21:02:53,048 INFO base _real_add_job Line:867 ==> Added job "video_hour" to job store "default"
2018-04-14 21:02:53,048 INFO base _real_add_job Line:867 ==> Added job "download_day" to job store "default"
2018-04-14 21:02:53,048 INFO base _real_add_job Line:867 ==> Added job "download_day" to job store "default"
2018-04-14 21:02:53,048 INFO base _real_add_job Line:867 ==> Added job "download_day" to job store "default"
2018-04-14 21:02:53,048 INFO base _real_add_job Line:867 ==> Added job "download_day" to job store "default"
2018-04-14 21:02:53,048 INFO base _real_add_job Line:867 ==> Added job "download_day" to job store "default"
2018-04-14 21:02:53,048 INFO base _real_add_job Line:867 ==> Added job "download_day" to job store "default"
2018-04-14 21:02:53,049 INFO base _real_add_job Line:867 ==> Added job "download_hour" to job store "default"
2018-04-14 21:02:53,049 INFO base _real_add_job Line:867 ==> Added job "download_hour" to job store "default"
2018-04-14 21:02:53,049 INFO base _real_add_job Line:867 ==> Added job "download_hour" to job store "default"
2018-04-14 21:02:53,049 INFO base _real_add_job Line:867 ==> Added job "download_hour" to job store "default"
2018-04-14 21:02:53,049 INFO base _real_add_job Line:867 ==> Added job "download_hour" to job store "default"
2018-04-14 21:02:53,049 INFO base _real_add_job Line:867 ==> Added job "download_hour" to job store "default"
2018-04-14 21:02:53,049 INFO base _real_add_job Line:867 ==> Added job "novel_day" to job store "default"
2018-04-14 21:02:53,049 INFO base _real_add_job Line:867 ==> Added job "novel_day" to job store "default"
2018-04-14 21:02:53,049 INFO base _real_add_job Line:867 ==> Added job "novel_day" to job store "default"
2018-04-14 21:02:53,049 INFO base _real_add_job Line:867 ==> Added job "novel_day" to job store "default"
2018-04-14 21:02:53,049 INFO base _real_add_job Line:867 ==> Added job "novel_day" to job store "default"
2018-04-14 21:02:53,049 INFO base _real_add_job Line:867 ==> Added job "novel_day" to job store "default"
2018-04-14 21:02:53,049 INFO base _real_add_job Line:867 ==> Added job "novel_hour" to job store "default"
2018-04-14 21:02:53,049 INFO base _real_add_job Line:867 ==> Added job "novel_hour" to job store "default"
2018-04-14 21:02:53,049 INFO base _real_add_job Line:867 ==> Added job "novel_hour" to job store "default"
2018-04-14 21:02:53,049 INFO base _real_add_job Line:867 ==> Added job "novel_hour" to job store "default"
2018-04-14 21:02:53,049 INFO base _real_add_job Line:867 ==> Added job "novel_hour" to job store "default"
2018-04-14 21:02:53,049 INFO base _real_add_job Line:867 ==> Added job "novel_hour" to job store "default"
2018-04-14 21:02:53,050 INFO base start Line:159 ==> Scheduler started
2018-04-14 21:02:53,050 INFO base start Line:159 ==> Scheduler started
2018-04-14 21:02:53,050 INFO base start Line:159 ==> Scheduler started
2018-04-14 21:02:53,050 INFO base start Line:159 ==> Scheduler started
2018-04-14 21:02:53,050 INFO base start Line:159 ==> Scheduler started
2018-04-14 21:02:53,050 INFO base start Line:159 ==> Scheduler started
2018-04-14 21:02:53,050 DEBUG base _process_jobs Line:926 ==> Looking for jobs to run
2018-04-14 21:02:53,050 DEBUG base _process_jobs Line:926 ==> Looking for jobs to run
2018-04-14 21:02:53,050 DEBUG base _process_jobs Line:926 ==> Looking for jobs to run
2018-04-14 21:02:53,050 DEBUG base _process_jobs Line:926 ==> Looking for jobs to run
2018-04-14 21:02:53,050 DEBUG base _process_jobs Line:926 ==> Looking for jobs to run
2018-04-14 21:02:53,050 DEBUG base _process_jobs Line:926 ==> Looking for jobs to run
2018-04-14 21:02:53,050 DEBUG base _process_jobs Line:1006 ==> Next wakeup is due at 2018-04-14 21:05:00+07:00 (in 126.949282 seconds)
2018-04-14 21:02:53,050 DEBUG base _process_jobs Line:1006 ==> Next wakeup is due at 2018-04-14 21:05:00+07:00 (in 126.949282 seconds)
2018-04-14 21:02:53,050 DEBUG base _process_jobs Line:1006 ==> Next wakeup is due at 2018-04-14 21:05:00+07:00 (in 126.949282 seconds)
2018-04-14 21:02:53,050 DEBUG base _process_jobs Line:1006 ==> Next wakeup is due at 2018-04-14 21:05:00+07:00 (in 126.949282 seconds)
2018-04-14 21:02:53,050 DEBUG base _process_jobs Line:1006 ==> Next wakeup is due at 2018-04-14 21:05:00+07:00 (in 126.949282 seconds)
2018-04-14 21:02:53,050 DEBUG base _process_jobs Line:1006 ==> Next wakeup is due at 2018-04-14 21:05:00+07:00 (in 126.949282 seconds)
2018-04-14 21:05:00,001 DEBUG base _process_jobs Line:926 ==> Looking for jobs to run
2018-04-14 21:05:00,001 DEBUG base _process_jobs Line:926 ==> Looking for jobs to run
2018-04-14 21:05:00,001 DEBUG base _process_jobs Line:926 ==> Looking for jobs to run
2018-04-14 21:05:00,001 DEBUG base _process_jobs Line:926 ==> Looking for jobs to run
2018-04-14 21:05:00,001 DEBUG base _process_jobs Line:926 ==> Looking for jobs to run
2018-04-14 21:05:00,001 DEBUG base _process_jobs Line:926 ==> Looking for jobs to run
2018-04-14 21:05:00,005 INFO base run_job Line:123 ==> Running job "log_view_day (trigger: cron[day='*', hour='*', minute='5'], next run at: 2018-04-14 21:05:00 +07)" (scheduled at 2018-04-14 21:05:00+07:00)
2018-04-14 21:05:00,005 INFO base run_job Line:123 ==> Running job "log_view_day (trigger: cron[day='*', hour='*', minute='5'], next run at: 2018-04-14 22:05:00 +07)" (scheduled at 2018-04-14 21:05:00+07:00)
2018-04-14 21:05:00,007 INFO base run_job Line:123 ==> Running job "total_hour (trigger: cron[day='*', hour='*', minute='5'], next run at: 2018-04-14 21:05:00 +07)" (scheduled at 2018-04-14 21:05:00+07:00)
2018-04-14 21:05:00,005 INFO base run_job Line:123 ==> Running job "log_view_day (trigger: cron[day='*', hour='*', minute='5'], next run at: 2018-04-14 22:05:00 +07)" (scheduled at 2018-04-14 21:05:00+07:00)
2018-04-14 21:05:00,007 INFO base run_job Line:123 ==> Running job "total_hour (trigger: cron[day='*', hour='*', minute='5'], next run at: 2018-04-14 22:05:00 +07)" (scheduled at 2018-04-14 21:05:00+07:00)
2018-04-14 21:05:00,005 INFO base run_job Line:123 ==> Running job "log_view_day (trigger: cron[day='*', hour='*', minute='5'], next run at: 2018-04-14 22:05:00 +07)" (scheduled at 2018-04-14 21:05:00+07:00)
2018-04-14 21:05:00,009 INFO base run_job Line:123 ==> Running job "log_view_hour (trigger: cron[day='*', hour='*', minute='5'], next run at: 2018-04-14 21:05:00 +07)" (scheduled at 2018-04-14 21:05:00+07:00)
2018-04-14 21:05:00,007 INFO base run_job Line:123 ==> Running job "total_hour (trigger: cron[day='*', hour='*', minute='5'], next run at: 2018-04-14 22:05:00 +07)" (scheduled at 2018-04-14 21:05:00+07:00)
2018-04-14 21:05:00,005 INFO base run_job Line:123 ==> Running job "log_view_day (trigger: cron[day='*', hour='*', minute='5'], next run at: 2018-04-14 22:05:00 +07)" (scheduled at 2018-04-14 21:05:00+07:00)
2018-04-14 21:05:00,009 INFO base run_job Line:123 ==> Running job "log_view_hour (trigger: cron[day='*', hour='*', minute='5'], next run at: 2018-04-14 22:05:00 +07)" (scheduled at 2018-04-14 21:05:00+07:00)
2018-04-14 21:05:00,007 INFO base run_job Line:123 ==> Running job "total_hour (trigger: cron[day='*', hour='*', minute='5'], next run at: 2018-04-14 22:05:00 +07)" (scheduled at 2018-04-14 21:05:00+07:00)
2018-04-14 21:05:00,005 INFO base run_job Line:123 ==> Running job "log_view_day (trigger: cron[day='*', hour='*', minute='5'], next run at: 2018-04-14 22:05:00 +07)" (scheduled at 2018-04-14 21:05:00+07:00)
2018-04-14 21:05:00,009 INFO base run_job Line:123 ==> Running job "log_view_hour (trigger: cron[day='*', hour='*', minute='5'], next run at: 2018-04-14 22:05:00 +07)" (scheduled at 2018-04-14 21:05:00+07:00)
2018-04-14 21:05:00,013 INFO base run_job Line:123 ==> Running job "novel_day (trigger: cron[day='*', hour='*', minute='5'], next run at: 2018-04-14 21:05:00 +07)" (scheduled at 2018-04-14 21:05:00+07:00)
2018-04-14 21:05:00,007 INFO base run_job Line:123 ==> Running job "total_hour (trigger: cron[day='*', hour='*', minute='5'], next run at: 2018-04-14 22:05:00 +07)" (scheduled at 2018-04-14 21:05:00+07:00)
2018-04-14 21:05:00,009 INFO base run_job Line:123 ==> Running job "log_view_hour (trigger: cron[day='*', hour='*', minute='5'], next run at: 2018-04-14 22:05:00 +07)" (scheduled at 2018-04-14 21:05:00+07:00)
2018-04-14 21:05:00,013 INFO base run_job Line:123 ==> Running job "novel_day (trigger: cron[day='*', hour='*', minute='5'], next run at: 2018-04-14 22:05:00 +07)" (scheduled at 2018-04-14 21:05:00+07:00)
2018-04-14 21:05:00,007 INFO base run_job Line:123 ==> Running job "total_hour (trigger: cron[day='*', hour='*', minute='5'], next run at: 2018-04-14 22:05:00 +07)" (scheduled at 2018-04-14 21:05:00+07:00)
2018-04-14 21:05:00,009 INFO base run_job Line:123 ==> Running job "log_view_hour (trigger: cron[day='*', hour='*', minute='5'], next run at: 2018-04-14 22:05:00 +07)" (scheduled at 2018-04-14 21:05:00+07:00)
2018-04-14 21:05:00,013 INFO LogViewTimer day Line:16 ==> 页面访问记录每日汇总开始=============>
2018-04-14 21:05:00,013 INFO base run_job Line:123 ==> Running job "novel_day (trigger: cron[day='*', hour='*', minute='5'], next run at: 2018-04-14 22:05:00 +07)" (scheduled at 2018-04-14 21:05:00+07:00)
2018-04-14 21:05:00,009 INFO base run_job Line:123 ==> Running job "log_view_hour (trigger: cron[day='*', hour='*', minute='5'], next run at: 2018-04-14 22:05:00 +07)" (scheduled at 2018-04-14 21:05:00+07:00)
2018-04-14 21:05:00,013 INFO LogViewTimer day Line:16 ==> 页面访问记录每日汇总开始=============>
2018-04-14 21:05:00,013 INFO base run_job Line:123 ==> Running job "novel_day (trigger: cron[day='*', hour='*', minute='5'], next run at: 2018-04-14 22:05:00 +07)" (scheduled at 2018-04-14 21:05:00+07:00)
2018-04-14 21:05:00,016 INFO base run_job Line:123 ==> Running job "novel_hour (trigger: cron[day='*', hour='*', minute='5'], next run at: 2018-04-14 22:05:00 +07)" (scheduled at 2018-04-14 21:05:00+07:00)
2018-04-14 21:05:00,013 INFO LogViewTimer day Line:16 ==> 页面访问记录每日汇总开始=============>
2018-04-14 21:05:00,013 INFO base run_job Line:123 ==> Running job "novel_day (trigger: cron[day='*', hour='*', minute='5'], next run at: 2018-04-14 22:05:00 +07)" (scheduled at 2018-04-14 21:05:00+07:00)
2018-04-14 21:05:00,016 INFO base run_job Line:123 ==> Running job "novel_hour (trigger: cron[day='*', hour='*', minute='5'], next run at: 2018-04-14 22:05:00 +07)" (scheduled at 2018-04-14 21:05:00+07:00)
2018-04-14 21:05:00,013 INFO LogViewTimer day Line:16 ==> 页面访问记录每日汇总开始=============>
2018-04-14 21:05:00,013 INFO base run_job Line:123 ==> Running job "novel_day (trigger: cron[day='*', hour='*', minute='5'], next run at: 2018-04-14 22:05:00 +07)" (scheduled at 2018-04-14 21:05:00+07:00)
2018-04-14 21:05:00,017 INFO TotalTimer hour Line:85 ==> 汇总数据小时统计开始=============>
2018-04-14 21:05:00,016 INFO base run_job Line:123 ==> Running job "novel_hour (trigger: cron[day='*', hour='*', minute='5'], next run at: 2018-04-14 22:05:00 +07)" (scheduled at 2018-04-14 21:05:00+07:00)
2018-04-14 21:05:00,013 INFO LogViewTimer day Line:16 ==> 页面访问记录每日汇总开始=============>
2018-04-14 21:05:00,017 INFO TotalTimer hour Line:85 ==> 汇总数据小时统计开始=============>
2018-04-14 21:05:00,016 INFO base run_job Line:123 ==> Running job "novel_hour (trigger: cron[day='*', hour='*', minute='5'], next run at: 2018-04-14 22:05:00 +07)" (scheduled at 2018-04-14 21:05:00+07:00)
2018-04-14 21:05:00,013 INFO LogViewTimer day Line:16 ==> 页面访问记录每日汇总开始=============>
2018-04-14 21:05:00,019 INFO LogViewTimer hour Line:76 ==> 页面访问记录小时汇总开始=============>
2018-04-14 21:05:00,017 INFO TotalTimer hour Line:85 ==> 汇总数据小时统计开始=============>
2018-04-14 21:05:00,016 INFO base run_job Line:123 ==> Running job "novel_hour (trigger: cron[day='*', hour='*', minute='5'], next run at: 2018-04-14 22:05:00 +07)" (scheduled at 2018-04-14 21:05:00+07:00)
2018-04-14 21:05:00,019 INFO LogViewTimer hour Line:76 ==> 页面访问记录小时汇总开始=============>
2018-04-14 21:05:00,017 INFO TotalTimer hour Line:85 ==> 汇总数据小时统计开始=============>
2018-04-14 21:05:00,016 INFO base run_job Line:123 ==> Running job "novel_hour (trigger: cron[day='*', hour='*', minute='5'], next run at: 2018-04-14 22:05:00 +07)" (scheduled at 2018-04-14 21:05:00+07:00)
2018-04-14 21:05:00,020 INFO base run_job Line:123 ==> Running job "total_day (trigger: cron[day='*', hour='*', minute='5'], next run at: 2018-04-14 22:05:00 +07)" (scheduled at 2018-04-14 21:05:00+07:00)
2018-04-14 21:05:00,019 INFO LogViewTimer hour Line:76 ==> 页面访问记录小时汇总开始=============>
2018-04-14 21:05:00,017 INFO TotalTimer hour Line:85 ==> 汇总数据小时统计开始=============>
2018-04-14 21:05:00,020 INFO base run_job Line:123 ==> Running job "total_day (trigger: cron[day='*', hour='*', minute='5'], next run at: 2018-04-14 22:05:00 +07)" (scheduled at 2018-04-14 21:05:00+07:00)
2018-04-14 21:05:00,017 INFO TotalTimer hour Line:85 ==> 汇总数据小时统计开始=============>
2018-04-14 21:05:00,023 INFO base run_job Line:123 ==> Running job "ad_click_hour (trigger: cron[day='*', hour='*', minute='5'], next run at: 2018-04-14 22:05:00 +07)" (scheduled at 2018-04-14 21:05:00+07:00)
2018-04-14 21:05:00,019 INFO LogViewTimer hour Line:76 ==> 页面访问记录小时汇总开始=============>
2018-04-14 21:05:00,019 INFO LogViewTimer hour Line:76 ==> 页面访问记录小时汇总开始=============>
2018-04-14 21:05:00,020 INFO base run_job Line:123 ==> Running job "total_day (trigger: cron[day='*', hour='*', minute='5'], next run at: 2018-04-14 22:05:00 +07)" (scheduled at 2018-04-14 21:05:00+07:00)
2018-04-14 21:05:00,023 INFO base run_job Line:123 ==> Running job "ad_click_hour (trigger: cron[day='*', hour='*', minute='5'], next run at: 2018-04-14 22:05:00 +07)" (scheduled at 2018-04-14 21:05:00+07:00)
2018-04-14 21:05:00,020 INFO base run_job Line:123 ==> Running job "total_day (trigger: cron[day='*', hour='*', minute='5'], next run at: 2018-04-14 22:05:00 +07)" (scheduled at 2018-04-14 21:05:00+07:00)
2018-04-14 21:05:00,020 INFO base run_job Line:123 ==> Running job "total_day (trigger: cron[day='*', hour='*', minute='5'], next run at: 2018-04-14 22:05:00 +07)" (scheduled at 2018-04-14 21:05:00+07:00)
2018-04-14 21:05:00,023 INFO ResourceTimer day_novel Line:248 ==> 小说访问记录每日汇总开始=============>
2018-04-14 21:05:00,023 INFO base run_job Line:123 ==> Running job "ad_click_hour (trigger: cron[day='*', hour='*', minute='5'], next run at: 2018-04-14 22:05:00 +07)" (scheduled at 2018-04-14 21:05:00+07:00)
2018-04-14 21:05:00,019 INFO LogViewTimer hour Line:76 ==> 页面访问记录小时汇总开始=============>
2018-04-14 21:05:00,023 INFO ResourceTimer day_novel Line:248 ==> 小说访问记录每日汇总开始=============>
2018-04-14 21:05:00,023 INFO base run_job Line:123 ==> Running job "ad_click_hour (trigger: cron[day='*', hour='*', minute='5'], next run at: 2018-04-14 22:05:00 +07)" (scheduled at 2018-04-14 21:05:00+07:00)
2018-04-14 21:05:00,025 INFO DbUtil getConnect Line:20 ==> 获取数据库连接
2018-04-14 21:05:00,023 INFO ResourceTimer day_novel Line:248 ==> 小说访问记录每日汇总开始=============>
2018-04-14 21:05:00,020 INFO base run_job Line:123 ==> Running job "total_day (trigger: cron[day='*', hour='*', minute='5'], next run at: 2018-04-14 22:05:00 +07)" (scheduled at 2018-04-14 21:05:00+07:00)
2018-04-14 21:05:00,025 INFO DbUtil getConnect Line:20 ==> 获取数据库连接
2018-04-14 21:05:00,025 INFO DbUtil getConnect Line:20 ==> 获取数据库连接
2018-04-14 21:05:00,026 INFO base run_job Line:123 ==> Running job "ad_click_day (trigger: cron[day='*', hour='*', minute='5'], next run at: 2018-04-14 22:05:00 +07)" (scheduled at 2018-04-14 21:05:00+07:00)
2018-04-14 21:05:00,026 INFO base run_job Line:123 ==> Running job "ad_click_day (trigger: cron[day='*', hour='*', minute='5'], next run at: 2018-04-14 22:05:00 +07)" (scheduled at 2018-04-14 21:05:00+07:00)
2018-04-14 21:05:00,023 INFO base run_job Line:123 ==> Running job "ad_click_hour (trigger: cron[day='*', hour='*', minute='5'], next run at: 2018-04-14 22:05:00 +07)" (scheduled at 2018-04-14 21:05:00+07:00)
2018-04-14 21:05:00,028 INFO ResourceTimer hour_novel Line:584 ==> 小说访问记录小时汇总开始=============>
2018-04-14 21:05:00,026 INFO base run_job Line:123 ==> Running job "ad_click_day (trigger: cron[day='*', hour='*', minute='5'], next run at: 2018-04-14 22:05:00 +07)" (scheduled at 2018-04-14 21:05:00+07:00)
2018-04-14 21:05:00,023 INFO base run_job Line:123 ==> Running job "ad_click_hour (trigger: cron[day='*', hour='*', minute='5'], next run at: 2018-04-14 22:05:00 +07)" (scheduled at 2018-04-14 21:05:00+07:00)
2018-04-14 21:05:00,028 INFO ResourceTimer hour_novel Line:584 ==> 小说访问记录小时汇总开始=============>
2018-04-14 21:05:00,028 INFO ResourceTimer hour_novel Line:584 ==> 小说访问记录小时汇总开始=============>
2018-04-14 21:05:00,023 INFO ResourceTimer day_novel Line:248 ==> 小说访问记录每日汇总开始=============>
2018-04-14 21:05:00,023 INFO ResourceTimer day_novel Line:248 ==> 小说访问记录每日汇总开始=============>
2018-04-14 21:05:00,023 INFO ResourceTimer day_novel Line:248 ==> 小说访问记录每日汇总开始=============>
2018-04-14 21:05:00,028 INFO base run_job Line:123 ==> Running job "download_hour (trigger: cron[day='*', hour='*', minute='5'], next run at: 2018-04-14 22:05:00 +07)" (scheduled at 2018-04-14 21:05:00+07:00)
2018-04-14 21:05:00,025 INFO DbUtil getConnect Line:20 ==> 获取数据库连接
2018-04-14 21:05:00,028 INFO base run_job Line:123 ==> Running job "download_hour (trigger: cron[day='*', hour='*', minute='5'], next run at: 2018-04-14 22:05:00 +07)" (scheduled at 2018-04-14 21:05:00+07:00)
2018-04-14 21:05:00,025 INFO DbUtil getConnect Line:20 ==> 获取数据库连接
2018-04-14 21:05:00,025 INFO DbUtil getConnect Line:20 ==> 获取数据库连接
2018-04-14 21:05:00,026 INFO base run_job Line:123 ==> Running job "ad_click_day (trigger: cron[day='*', hour='*', minute='5'], next run at: 2018-04-14 22:05:00 +07)" (scheduled at 2018-04-14 21:05:00+07:00)
2018-04-14 21:05:00,029 INFO DbUtil getConnect Line:20 ==> 获取数据库连接
2018-04-14 21:05:00,028 INFO base run_job Line:123 ==> Running job "download_hour (trigger: cron[day='*', hour='*', minute='5'], next run at: 2018-04-14 22:05:00 +07)" (scheduled at 2018-04-14 21:05:00+07:00)
2018-04-14 21:05:00,026 INFO base run_job Line:123 ==> Running job "ad_click_day (trigger: cron[day='*', hour='*', minute='5'], next run at: 2018-04-14 22:05:00 +07)" (scheduled at 2018-04-14 21:05:00+07:00)
2018-04-14 21:05:00,029 INFO DbUtil getConnect Line:20 ==> 获取数据库连接
2018-04-14 21:05:00,029 INFO DbUtil getConnect Line:20 ==> 获取数据库连接
2018-04-14 21:05:00,026 INFO base run_job Line:123 ==> Running job "ad_click_day (trigger: cron[day='*', hour='*', minute='5'], next run at: 2018-04-14 22:05:00 +07)" (scheduled at 2018-04-14 21:05:00+07:00)
2018-04-14 21:05:00,028 INFO ResourceTimer hour_novel Line:584 ==> 小说访问记录小时汇总开始=============>
2018-04-14 21:05:00,030 INFO base run_job Line:123 ==> Running job "download_day (trigger: cron[day='*', hour='*', minute='5'], next run at: 2018-04-14 22:05:00 +07)" (scheduled at 2018-04-14 21:05:00+07:00)
2018-04-14 21:05:00,028 INFO ResourceTimer hour_novel Line:584 ==> 小说访问记录小时汇总开始=============>
2018-04-14 21:05:00,030 INFO base run_job Line:123 ==> Running job "download_day (trigger: cron[day='*', hour='*', minute='5'], next run at: 2018-04-14 22:05:00 +07)" (scheduled at 2018-04-14 21:05:00+07:00)
2018-04-14 21:05:00,028 INFO base run_job Line:123 ==> Running job "download_hour (trigger: cron[day='*', hour='*', minute='5'], next run at: 2018-04-14 22:05:00 +07)" (scheduled at 2018-04-14 21:05:00+07:00)
2018-04-14 21:05:00,031 INFO DbUtil getConnect Line:20 ==> 获取数据库连接
2018-04-14 21:05:00,028 INFO ResourceTimer hour_novel Line:584 ==> 小说访问记录小时汇总开始=============>
2018-04-14 21:05:00,028 INFO base run_job Line:123 ==> Running job "download_hour (trigger: cron[day='*', hour='*', minute='5'], next run at: 2018-04-14 22:05:00 +07)" (scheduled at 2018-04-14 21:05:00+07:00)
2018-04-14 21:05:00,030 INFO base run_job Line:123 ==> Running job "download_day (trigger: cron[day='*', hour='*', minute='5'], next run at: 2018-04-14 22:05:00 +07)" (scheduled at 2018-04-14 21:05:00+07:00)
2018-04-14 21:05:00,032 DEBUG base _process_jobs Line:1006 ==> Next wakeup is due at 2018-04-14 22:05:00+07:00 (in 3599.997466 seconds)
2018-04-14 21:05:00,029 INFO DbUtil getConnect Line:20 ==> 获取数据库连接
2018-04-14 21:05:00,031 INFO DbUtil getConnect Line:20 ==> 获取数据库连接
2018-04-14 21:05:00,030 INFO base run_job Line:123 ==> Running job "download_day (trigger: cron[day='*', hour='*', minute='5'], next run at: 2018-04-14 22:05:00 +07)" (scheduled at 2018-04-14 21:05:00+07:00)
2018-04-14 21:05:00,028 INFO base run_job Line:123 ==> Running job "download_hour (trigger: cron[day='*', hour='*', minute='5'], next run at: 2018-04-14 22:05:00 +07)" (scheduled at 2018-04-14 21:05:00+07:00)
2018-04-14 21:05:00,029 INFO DbUtil getConnect Line:20 ==> 获取数据库连接
2018-04-14 21:05:00,029 INFO DbUtil getConnect Line:20 ==> 获取数据库连接
2018-04-14 21:05:00,032 INFO TotalTimer day Line:16 ==> 汇总数据每日统计开始=============>
2018-04-14 21:05:00,030 INFO base run_job Line:123 ==> Running job "download_day (trigger: cron[day='*', hour='*', minute='5'], next run at: 2018-04-14 22:05:00 +07)" (scheduled at 2018-04-14 21:05:00+07:00)
2018-04-14 21:05:00,031 INFO DbUtil getConnect Line:20 ==> 获取数据库连接
2018-04-14 21:05:00,030 INFO base run_job Line:123 ==> Running job "download_day (trigger: cron[day='*', hour='*', minute='5'], next run at: 2018-04-14 22:05:00 +07)" (scheduled at 2018-04-14 21:05:00+07:00)
2018-04-14 21:05:00,032 DEBUG base _process_jobs Line:1006 ==> Next wakeup is due at 2018-04-14 22:05:00+07:00 (in 3599.997466 seconds)
2018-04-14 21:05:00,031 INFO DbUtil getConnect Line:20 ==> 获取数据库连接
2018-04-14 21:05:00,031 INFO DbUtil getConnect Line:20 ==> 获取数据库连接
2018-04-14 21:05:00,032 DEBUG base _process_jobs Line:1006 ==> Next wakeup is due at 2018-04-14 22:05:00+07:00 (in 3599.997466 seconds)
2018-04-14 21:05:00,032 DEBUG base _process_jobs Line:1006 ==> Next wakeup is due at 2018-04-14 22:05:00+07:00 (in 3599.997466 seconds)
2018-04-14 21:05:00,031 INFO DbUtil getConnect Line:20 ==> 获取数据库连接
2018-04-14 21:05:00,032 INFO TotalTimer day Line:16 ==> 汇总数据每日统计开始=============>
2018-04-14 21:05:00,033 INFO AdClickTimer hour Line:76 ==> 广告点击记录小时汇总开始=============>
2018-04-14 21:05:00,033 INFO DbUtil getConnect Line:20 ==> 获取数据库连接
2018-04-14 21:05:00,032 DEBUG base _process_jobs Line:1006 ==> Next wakeup is due at 2018-04-14 22:05:00+07:00 (in 3599.997466 seconds)
2018-04-14 21:05:00,032 INFO TotalTimer day Line:16 ==> 汇总数据每日统计开始=============>
2018-04-14 21:05:00,035 INFO AdClickTimer day Line:16 ==> 广告点击记录每日汇总开始=============>
2018-04-14 21:05:00,032 DEBUG base _process_jobs Line:1006 ==> Next wakeup is due at 2018-04-14 22:05:00+07:00 (in 3599.997466 seconds)
2018-04-14 21:05:00,033 INFO AdClickTimer hour Line:76 ==> 广告点击记录小时汇总开始=============>
2018-04-14 21:05:00,032 INFO TotalTimer day Line:16 ==> 汇总数据每日统计开始=============>
2018-04-14 21:05:00,036 INFO DbUtil getConnect Line:20 ==> 获取数据库连接
2018-04-14 21:05:00,033 INFO AdClickTimer hour Line:76 ==> 广告点击记录小时汇总开始=============>
2018-04-14 21:05:00,033 INFO DbUtil getConnect Line:20 ==> 获取数据库连接
2018-04-14 21:05:00,032 INFO TotalTimer day Line:16 ==> 汇总数据每日统计开始=============>
2018-04-14 21:05:00,033 INFO DbUtil getConnect Line:20 ==> 获取数据库连接
记录小时汇总开始=============>
2018-04-14 21:05:00,033 INFO AdClickTimer hour Line:76 ==> 广告点击记录小时汇总开始=============>
2018-04-14 21:05:00,032 INFO TotalTimer day Line:16 ==> 汇总数据每日统计开始=============>
2018-04-14 21:05:00,035 INFO AdClickTimer day Line:16 ==> 广告点击记录每日汇总开始=============>
2018-04-14 21:05:00,033 INFO AdClickTimer hour Line:76 ==> 广告点击记录小时汇总开始=============>
2018-04-14 21:05:00,037 INFO ResourceTimer day_download Line:132 ==> 种子访问记录每日汇总开始=============>
2018-04-14 21:05:00,039 INFO DbUtil getConnect Line:20 ==> 获取数据库连接
2018-04-14 21:05:00,033 INFO AdClickTimer hour Line:76 ==> 广告点击记录小时汇总开始=============>
2018-04-14 21:05:00,035 INFO AdClickTimer day Line:16 ==> 广告点击记录每日汇总开始=============>
2018-04-14 21:05:00,033 INFO DbUtil getConnect Line:20 ==> 获取数据库连接
2018-04-14 21:05:00,036 INFO DbUtil getConnect Line:20 ==> 获取数据库连接
2018-04-14 21:05:00,039 INFO DbUtil getConnect Line:20 ==> 获取数据库连接
2018-04-14 21:05:00,033 INFO DbUtil getConnect Line:20 ==> 获取数据库连接
2018-04-14 21:05:00,036 INFO DbUtil getConnect Line:20 ==> 获取数据库连接
2018-04-14 21:05:00,036 INFO ResourceTimer hour_download Line:474 ==> 种子访问记录小时汇总开始=============>
2018-04-14 21:05:00,033 INFO DbUtil getConnect Line:20 ==> 获取数据库连接
2018-04-14 21:05:00,036 INFO ResourceTimer hour_download Line:474 ==> 种子访问记录小时汇总开始=============>
2018-04-14 21:05:00,035 INFO AdClickTimer day Line:16 ==> 广告点击记录每日汇总开始=============>
2018-04-14 21:05:00,037 INFO ResourceTimer day_download Line:132 ==> 种子访问记录每日汇总开始=============>
2018-04-14 21:05:00,035 INFO AdClickTimer day Line:16 ==> 广告点击记录每日汇总开始=============>
2018-04-14 21:05:00,037 INFO ResourceTimer day_download Line:132 ==> 种子访问记录每日汇总开始=============>
2018-04-14 21:05:00,036 INFO DbUtil getConnect Line:20 ==> 获取数据库连接
2018-04-14 21:05:00,035 INFO AdClickTimer day Line:16 ==> 广告点击记录每日汇总开始=============>
2018-04-14 21:05:00,039 INFO DbUtil getConnect Line:20 ==> 获取数据库连接
2018-04-14 21:05:00,036 INFO DbUtil getConnect Line:20 ==> 获取数据库连接
2018-04-14 21:05:00,043 INFO DbUtil getConnect Line:20 ==> 获取数据库连接
2018-04-14 21:05:00,039 INFO DbUtil getConnect Line:20 ==> 获取数据库连接
2018-04-14 21:05:00,036 INFO ResourceTimer hour_download Line:474 ==> 种子访问记录小时汇总开始=============>
2018-04-14 21:05:00,036 INFO DbUtil getConnect Line:20 ==> 获取数据库连接
2018-04-14 21:05:00,039 INFO DbUtil getConnect Line:20 ==> 获取数据库连接
2018-04-14 21:05:00,036 INFO ResourceTimer hour_download Line:474 ==> 种子访问记录小时汇总开始=============>
2018-04-14 21:05:00,039 INFO DbUtil getConnect Line:20 ==> 获取数据库连接
2018-04-14 21:05:00,037 INFO ResourceTimer day_download Line:132 ==> 种子访问记录每日汇总开始=============>
2018-04-14 21:05:00,043 INFO DbUtil getConnect Line:20 ==> 获取数据库连接
2018-04-14 21:05:00,036 INFO ResourceTimer hour_download Line:474 ==> 种子访问记录小时汇总开始=============>
2018-04-14 21:05:00,037 INFO ResourceTimer day_download Line:132 ==> 种子访问记录每日汇总开始=============>
2018-04-14 21:05:00,043 INFO DbUtil getConnect Line:20 ==> 获取数据库连接
2018-04-14 21:05:00,039 INFO DbUtil getConnect Line:20 ==> 获取数据库连接
2018-04-14 21:05:00,044 INFO DbUtil getConnect Line:20 ==> 获取数据库连接
2018-04-14 21:05:00,037 INFO ResourceTimer day_download Line:132 ==> 种子访问记录每日汇总开始=============>
2018-04-14 21:05:00,039 INFO DbUtil getConnect Line:20 ==> 获取数据库连接
2018-04-14 21:05:00,044 INFO DbUtil getConnect Line:20 ==> 获取数据库连接
2018-04-14 21:05:00,044 INFO DbUtil getConnect Line:20 ==> 获取数据库连接
2018-04-14 21:05:00,039 INFO DbUtil getConnect Line:20 ==> 获取数据库连接
2018-04-14 21:05:00,039 INFO DbUtil getConnect Line:20 ==> 获取数据库连接
2018-04-14 21:05:00,044 INFO DbUtil getConnect Line:20 ==> 获取数据库连接
2018-04-14 21:05:00,044 INFO DbUtil getConnect Line:20 ==> 获取数据库连接
2018-04-14 21:05:00,039 INFO DbUtil getConnect Line:20 ==> 获取数据库连接
2018-04-14 21:05:00,043 INFO DbUtil getConnect Line:20 ==> 获取数据库连接
2018-04-14 21:05:00,044 INFO DbUtil getConnect Line:20 ==> 获取数据库连接
2018-04-14 21:05:00,039 INFO DbUtil getConnect Line:20 ==> 获取数据库连接
2018-04-14 21:05:00,043 INFO DbUtil getConnect Line:20 ==> 获取数据库连接
2018-04-14 21:05:00,044 INFO DbUtil getConnect Line:20 ==> 获取数据库连接
2018-04-14 21:05:00,043 INFO DbUtil getConnect Line:20 ==> 获取数据库连接
2018-04-14 21:05:00,044 INFO DbUtil getConnect Line:20 ==> 获取数据库连接
2018-04-14 21:05:00,044 INFO DbUtil getConnect Line:20 ==> 获取数据库连接
2018-04-14 21:05:00,044 INFO DbUtil getConnect Line:20 ==> 获取数据库连接
2018-04-14 21:05:00,044 INFO DbUtil getConnect Line:20 ==> 获取数据库连接
2018-04-14 21:05:00,044 INFO DbUtil getConnect Line:20 ==> 获取数据库连接
2018-04-14 21:05:00,189 INFO DbUtil dbClose Line:29 ==> 关闭数据库连接
2018-04-14 21:05:00,189 INFO DbUtil dbClose Line:29 ==> 关闭数据库连接
2018-04-14 21:05:00,189 INFO DbUtil dbClose Line:29 ==> 关闭数据库连接
2018-04-14 21:05:00,189 INFO DbUtil dbClose Line:29 ==> 关闭数据库连接
2018-04-14 21:05:00,189 INFO DbUtil dbClose Line:29 ==> 关闭数据库连接
2018-04-14 21:05:00,189 INFO DbUtil dbClose Line:29 ==> 关闭数据库连接
2018-04-14 21:05:00,190 INFO AdClickTimer day Line:72 ==> 广告点击记录每日汇总结束=============>
2018-04-14 21:05:00,190 INFO AdClickTimer day Line:72 ==> 广告点击记录每日汇总结束=============>
2018-04-14 21:05:00,190 INFO AdClickTimer day Line:72 ==> 广告点击记录每日汇总结束=============>
2018-04-14 21:05:00,190 INFO AdClickTimer day Line:72 ==> 广告点击记录每日汇总结束=============>
2018-04-14 21:05:00,190 INFO AdClickTimer day Line:72 ==> 广告点击记录每日汇总结束=============>
2018-04-14 21:05:00,190 INFO AdClickTimer day Line:72 ==> 广告点击记录每日汇总结束=============>
2018-04-14 21:05:00,190 INFO base run_job Line:144 ==> Job "ad_click_day (trigger: cron[day='*', hour='*', minute='5'], next run at: 2018-04-14 22:05:00 +07)" executed successfully
2018-04-14 21:05:00,190 INFO base run_job Line:144 ==> Job "ad_click_day (trigger: cron[day='*', hour='*', minute='5'], next run at: 2018-04-14 22:05:00 +07)" executed successfully
2018-04-14 21:05:00,190 INFO base run_job Line:144 ==> Job "ad_click_day (trigger: cron[day='*', hour='*', minute='5'], next run at: 2018-04-14 22:05:00 +07)" executed successfully
2018-04-14 21:05:00,190 INFO base run_job Line:144 ==> Job "ad_click_day (trigger: cron[day='*', hour='*', minute='5'], next run at: 2018-04-14 22:05:00 +07)" executed successfully
2018-04-14 21:05:00,190 INFO base run_job Line:144 ==> Job "ad_click_day (trigger: cron[day='*', hour='*', minute='5'], next run at: 2018-04-14 22:05:00 +07)" executed successfully
2018-04-14 21:05:00,190 INFO base run_job Line:144 ==> Job "ad_click_day (trigger: cron[day='*', hour='*', minute='5'], next run at: 2018-04-14 22:05:00 +07)" executed successfully
2018-04-14 21:05:00,191 INFO base run_job Line:123 ==> Running job "video_hour (trigger: cron[day='*', hour='*', minute='5'], next run at: 2018-04-14 22:05:00 +07)" (scheduled at 2018-04-14 21:05:00+07:00)
2018-04-14 21:05:00,191 INFO base run_job Line:123 ==> Running job "video_hour (trigger: cron[day='*', hour='*', minute='5'], next run at: 2018-04-14 22:05:00 +07)" (scheduled at 2018-04-14 21:05:00+07:00)
2018-04-14 21:05:00,191 INFO DbUtil dbClose Line:29 ==> 关闭数据库连接
2018-04-14 21:05:00,191 INFO base run_job Line:123 ==> Running job "video_hour (trigger: cron[day='*', hour='*', minute='5'], next run at: 2018-04-14 22:05:00 +07)" (scheduled at 2018-04-14 21:05:00+07:00)
2018-04-14 21:05:00,191 INFO DbUtil dbClose Line:29 ==> 关闭数据库连接
2018-04-14 21:05:00,191 INFO base run_job Line:123 ==> Running job "video_hour (trigger: cron[day='*', hour='*', minute='5'], next run at: 2018-04-14 22:05:00 +07)" (scheduled at 2018-04-14 21:05:00+07:00)
2018-04-14 21:05:00,191 INFO DbUtil dbClose Line:29 ==> 关闭数据库连接
2018-04-14 21:05:00,191 INFO base run_job Line:123 ==> Running job "video_hour (trigger: cron[day='*', hour='*', minute='5'], next run at: 2018-04-14 22:05:00 +07)" (scheduled at 2018-04-14 21:05:00+07:00)
2018-04-14 21:05:00,191 INFO DbUtil dbClose Line:29 ==> 关闭数据库连接
2018-04-14 21:05:00,191 INFO base run_job Line:123 ==> Running job "video_hour (trigger: cron[day='*', hour='*', minute='5'], next run at: 2018-04-14 22:05:00 +07)" (scheduled at 2018-04-14 21:05:00+07:00)
2018-04-14 21:05:00,191 INFO DbUtil dbClose Line:29 ==> 关闭数据库连接
2018-04-14 21:05:00,192 INFO ResourceTimer hour_video Line:364 ==> 视频访问记录小时汇总开始=============>
2018-04-14 21:05:00,191 INFO DbUtil dbClose Line:29 ==> 关闭数据库连接
2018-04-14 21:05:00,192 INFO ResourceTimer hour_video Line:364 ==> 视频访问记录小时汇总开始=============>
2018-04-14 21:05:00,192 INFO ResourceTimer hour_video Line:364 ==> 视频访问记录小时汇总开始=============>
2018-04-14 21:05:00,192 INFO ResourceTimer hour_video Line:364 ==> 视频访问记录小时汇总开始=============>
2018-04-14 21:05:00,192 INFO AdClickTimer hour Line:127 ==> 广告点击记录小时汇总结束=============>
2018-04-14 21:05:00,192 INFO AdClickTimer hour Line:127 ==> 广告点击记录小时汇总结束=============>
2018-04-14 21:05:00,192 INFO ResourceTimer hour_video Line:364 ==> 视频访问记录小时汇总开始=============>
2018-04-14 21:05:00,192 INFO AdClickTimer hour Line:127 ==> 广告点击记录小时汇总结束=============>
2018-04-14 21:05:00,192 INFO ResourceTimer hour_video Line:364 ==> 视频访问记录小时汇总开始=============>
2018-04-14 21:05:00,192 INFO AdClickTimer hour Line:127 ==> 广告点击记录小时汇总结束=============>
2018-04-14 21:05:00,192 INFO AdClickTimer hour Line:127 ==> 广告点击记录小时汇总结束=============>
2018-04-14 21:05:00,193 INFO DbUtil getConnect Line:20 ==> 获取数据库连接
2018-04-14 21:05:00,192 INFO AdClickTimer hour Line:127 ==> 广告点击记录小时汇总结束=============>
2018-04-14 21:05:00,193 INFO DbUtil getConnect Line:20 ==> 获取数据库连接
2018-04-14 21:05:00,193 INFO base run_job Line:144 ==> Job "ad_click_hour (trigger: cron[day='*', hour='*', minute='5'], next run at: 2018-04-14 22:05:00 +07)" executed successfully
2018-04-14 21:05:00,193 INFO DbUtil getConnect Line:20 ==> 获取数据库连接
2018-04-14 21:05:00,193 INFO base run_job Line:144 ==> Job "ad_click_hour (trigger: cron[day='*', hour='*', minute='5'], next run at: 2018-04-14 22:05:00 +07)" executed successfully
2018-04-14 21:05:00,193 INFO DbUtil getConnect Line:20 ==> 获取数据库连接
2018-04-14 21:05:00,193 INFO base run_job Line:144 ==> Job "ad_click_hour (trigger: cron[day='*', hour='*', minute='5'], next run at: 2018-04-14 22:05:00 +07)" executed successfully
2018-04-14 21:05:00,193 INFO DbUtil getConnect Line:20 ==> 获取数据库连接
2018-04-14 21:05:00,193 INFO base run_job Line:144 ==> Job "ad_click_hour (trigger: cron[day='*', hour='*', minute='5'], next run at: 2018-04-14 22:05:00 +07)" executed successfully
2018-04-14 21:05:00,193 INFO DbUtil getConnect Line:20 ==> 获取数据库连接
2018-04-14 21:05:00,193 INFO base run_job Line:144 ==> Job "ad_click_hour (trigger: cron[day='*', hour='*', minute='5'], next run at: 2018-04-14 22:05:00 +07)" executed successfully
2018-04-14 21:05:00,193 INFO base run_job Line:144 ==> Job "ad_click_hour (trigger: cron[day='*', hour='*', minute='5'], next run at: 2018-04-14 22:05:00 +07)" executed successfully
2018-04-14 21:05:00,194 INFO base run_job Line:123 ==> Running job "video_day (trigger: cron[day='*', hour='*', minute='5'], next run at: 2018-04-14 22:05:00 +07)" (scheduled at 2018-04-14 21:05:00+07:00)
2018-04-14 21:05:00,194 INFO base run_job Line:123 ==> Running job "video_day (trigger: cron[day='*', hour='*', minute='5'], next run at: 2018-04-14 22:05:00 +07)" (scheduled at 2018-04-14 21:05:00+07:00)
2018-04-14 21:05:00,194 INFO base run_job Line:123 ==> Running job "video_day (trigger: cron[day='*', hour='*', minute='5'], next run at: 2018-04-14 22:05:00 +07)" (scheduled at 2018-04-14 21:05:00+07:00)
2018-04-14 21:05:00,194 INFO base run_job Line:123 ==> Running job "video_day (trigger: cron[day='*', hour='*', minute='5'], next run at: 2018-04-14 22:05:00 +07)" (scheduled at 2018-04-14 21:05:00+07:00)
2018-04-14 21:05:00,194 INFO base run_job Line:123 ==> Running job "video_day (trigger: cron[day='*', hour='*', minute='5'], next run at: 2018-04-14 22:05:00 +07)" (scheduled at 2018-04-14 21:05:00+07:00)
2018-04-14 21:05:00,194 INFO base run_job Line:123 ==> Running job "video_day (trigger: cron[day='*', hour='*', minute='5'], next run at: 2018-04-14 22:05:00 +07)" (scheduled at 2018-04-14 21:05:00+07:00)
2018-04-14 21:05:00,194 INFO ResourceTimer day_video Line:16 ==> 视频访问记录每日汇总开始=============>
2018-04-14 21:05:00,194 INFO ResourceTimer day_video Line:16 ==> 视频访问记录每日汇总开始=============>
2018-04-14 21:05:00,194 INFO ResourceTimer day_video Line:16 ==> 视频访问记录每日汇总开始=============>
2018-04-14 21:05:00,194 INFO ResourceTimer day_video Line:16 ==> 视频访问记录每日汇总开始=============>
2018-04-14 21:05:00,194 INFO ResourceTimer day_video Line:16 ==> 视频访问记录每日汇总开始=============>
2018-04-14 21:05:00,194 INFO ResourceTimer day_video Line:16 ==> 视频访问记录每日汇总开始=============>
2018-04-14 21:05:00,195 INFO DbUtil getConnect Line:20 ==> 获取数据库连接
2018-04-14 21:05:00,195 INFO DbUtil getConnect Line:20 ==> 获取数据库连接
2018-04-14 21:05:00,195 INFO DbUtil getConnect Line:20 ==> 获取数据库连接
2018-04-14 21:05:00,195 INFO DbUtil getConnect Line:20 ==> 获取数据库连接
2018-04-14 21:05:00,195 INFO DbUtil getConnect Line:20 ==> 获取数据库连接
2018-04-14 21:05:00,195 INFO DbUtil getConnect Line:20 ==> 获取数据库连接
2018-04-14 21:05:00,285 INFO DbUtil dbClose Line:29 ==> 关闭数据库连接
2018-04-14 21:05:00,285 INFO DbUtil dbClose Line:29 ==> 关闭数据库连接
2018-04-14 21:05:00,285 INFO DbUtil dbClose Line:29 ==> 关闭数据库连接
2018-04-14 21:05:00,285 INFO DbUtil dbClose Line:29 ==> 关闭数据库连接
2018-04-14 21:05:00,285 INFO DbUtil dbClose Line:29 ==> 关闭数据库连接
2018-04-14 21:05:00,285 INFO DbUtil dbClose Line:29 ==> 关闭数据库连接
2018-04-14 21:05:00,285 INFO LogViewTimer day Line:72 ==> 页面访问记录每日汇总结束=============>
2018-04-14 21:05:00,285 INFO LogViewTimer day Line:72 ==> 页面访问记录每日汇总结束=============>
2018-04-14 21:05:00,285 INFO LogViewTimer day Line:72 ==> 页面访问记录每日汇总结束=============>
2018-04-14 21:05:00,285 INFO LogViewTimer day Line:72 ==> 页面访问记录每日汇总结束=============>
2018-04-14 21:05:00,285 INFO LogViewTimer day Line:72 ==> 页面访问记录每日汇总结束=============>
2018-04-14 21:05:00,285 INFO LogViewTimer day Line:72 ==> 页面访问记录每日汇总结束=============>
2018-04-14 21:05:00,286 INFO base run_job Line:144 ==> Job "log_view_day (trigger: cron[day='*', hour='*', minute='5'], next run at: 2018-04-14 22:05:00 +07)" executed successfully
2018-04-14 21:05:00,286 INFO base run_job Line:144 ==> Job "log_view_day (trigger: cron[day='*', hour='*', minute='5'], next run at: 2018-04-14 22:05:00 +07)" executed successfully
2018-04-14 21:05:00,286 INFO base run_job Line:144 ==> Job "log_view_day (trigger: cron[day='*', hour='*', minute='5'], next run at: 2018-04-14 22:05:00 +07)" executed successfully
2018-04-14 21:05:00,286 INFO base run_job Line:144 ==> Job "log_view_day (trigger: cron[day='*', hour='*', minute='5'], next run at: 2018-04-14 22:05:00 +07)" executed successfully
2018-04-14 21:05:00,286 INFO base run_job Line:144 ==> Job "log_view_day (trigger: cron[day='*', hour='*', minute='5'], next run at: 2018-04-14 22:05:00 +07)" executed successfully
2018-04-14 21:05:00,286 INFO base run_job Line:144 ==> Job "log_view_day (trigger: cron[day='*', hour='*', minute='5'], next run at: 2018-04-14 22:05:00 +07)" executed successfully
2018-04-14 21:05:00,335 INFO DbUtil dbClose Line:29 ==> 关闭数据库连接
2018-04-14 21:05:00,335 INFO DbUtil dbClose Line:29 ==> 关闭数据库连接
2018-04-14 21:05:00,335 INFO DbUtil dbClose Line:29 ==> 关闭数据库连接
2018-04-14 21:05:00,335 INFO DbUtil dbClose Line:29 ==> 关闭数据库连接
2018-04-14 21:05:00,335 INFO DbUtil dbClose Line:29 ==> 关闭数据库连接
2018-04-14 21:05:00,335 INFO DbUtil dbClose Line:29 ==> 关闭数据库连接
2018-04-14 21:05:00,336 INFO ResourceTimer day_video Line:128 ==> 视频访问记录每日汇总结束=============>
2018-04-14 21:05:00,336 INFO ResourceTimer day_video Line:128 ==> 视频访问记录每日汇总结束=============>
2018-04-14 21:05:00,336 INFO DbUtil dbClose Line:29 ==> 关闭数据库连接
2018-04-14 21:05:00,336 INFO ResourceTimer day_video Line:128 ==> 视频访问记录每日汇总结束=============>
2018-04-14 21:05:00,336 INFO ResourceTimer day_video Line:128 ==> 视频访问记录每日汇总结束=============>
2018-04-14 21:05:00,336 INFO DbUtil dbClose Line:29 ==> 关闭数据库连接
2018-04-14 21:05:00,336 INFO ResourceTimer day_video Line:128 ==> 视频访问记录每日汇总结束=============>
2018-04-14 21:05:00,336 INFO DbUtil dbClose Line:29 ==> 关闭数据库连接
2018-04-14 21:05:00,336 INFO ResourceTimer day_video Line:128 ==> 视频访问记录每日汇总结束=============>
2018-04-14 21:05:00,336 INFO DbUtil dbClose Line:29 ==> 关闭数据库连接
2018-04-14 21:05:00,337 INFO base run_job Line:144 ==> Job "video_day (trigger: cron[day='*', hour='*', minute='5'], next run at: 2018-04-14 22:05:00 +07)" executed successfully
2018-04-14 21:05:00,336 INFO DbUtil dbClose Line:29 ==> 关闭数据库连接
2018-04-14 21:05:00,337 INFO base run_job Line:144 ==> Job "video_day (trigger: cron[day='*', hour='*', minute='5'], next run at: 2018-04-14 22:05:00 +07)" executed successfully
2018-04-14 21:05:00,336 INFO DbUtil dbClose Line:29 ==> 关闭数据库连接
2018-04-14 21:05:00,337 INFO base run_job Line:144 ==> Job "video_day (trigger: cron[day='*', hour='*', minute='5'], next run at: 2018-04-14 22:05:00 +07)" executed successfully
2018-04-14 21:05:00,337 INFO base run_job Line:144 ==> Job "video_day (trigger: cron[day='*', hour='*', minute='5'], next run at: 2018-04-14 22:05:00 +07)" executed successfully
2018-04-14 21:05:00,337 INFO base run_job Line:144 ==> Job "video_day (trigger: cron[day='*', hour='*', minute='5'], next run at: 2018-04-14 22:05:00 +07)" executed successfully
2018-04-14 21:05:00,337 INFO base run_job Line:144 ==> Job "video_day (trigger: cron[day='*', hour='*', minute='5'], next run at: 2018-04-14 22:05:00 +07)" executed successfully
2018-04-14 21:05:00,338 INFO ResourceTimer day_novel Line:360 ==> 小说访问记录每日汇总结束=============>
2018-04-14 21:05:00,338 INFO ResourceTimer day_novel Line:360 ==> 小说访问记录每日汇总结束=============>
2018-04-14 21:05:00,338 INFO DbUtil dbClose Line:29 ==> 关闭数据库连接
2018-04-14 21:05:00,338 INFO ResourceTimer day_novel Line:360 ==> 小说访问记录每日汇总结束=============>
2018-04-14 21:05:00,338 INFO DbUtil dbClose Line:29 ==> 关闭数据库连接
2018-04-14 21:05:00,338 INFO ResourceTimer day_novel Line:360 ==> 小说访问记录每日汇总结束=============>
2018-04-14 21:05:00,338 INFO DbUtil dbClose Line:29 ==> 关闭数据库连接
2018-04-14 21:05:00,338 INFO ResourceTimer day_novel Line:360 ==> 小说访问记录每日汇总结束=============>
2018-04-14 21:05:00,338 INFO DbUtil dbClose Line:29 ==> 关闭数据库连接
2018-04-14 21:05:00,338 INFO ResourceTimer day_novel Line:360 ==> 小说访问记录每日汇总结束=============>
2018-04-14 21:05:00,338 INFO DbUtil dbClose Line:29 ==> 关闭数据库连接
2018-04-14 21:05:00,339 INFO base run_job Line:144 ==> Job "novel_day (trigger: cron[day='*', hour='*', minute='5'], next run at: 2018-04-14 22:05:00 +07)" executed successfully
2018-04-14 21:05:00,338 INFO DbUtil dbClose Line:29 ==> 关闭数据库连接
2018-04-14 21:05:00,339 INFO base run_job Line:144 ==> Job "novel_day (trigger: cron[day='*', hour='*', minute='5'], next run at: 2018-04-14 22:05:00 +07)" executed successfully
2018-04-14 21:05:00,339 INFO base run_job Line:144 ==> Job "novel_day (trigger: cron[day='*', hour='*', minute='5'], next run at: 2018-04-14 22:05:00 +07)" executed successfully
2018-04-14 21:05:00,339 INFO base run_job Line:144 ==> Job "novel_day (trigger: cron[day='*', hour='*', minute='5'], next run at: 2018-04-14 22:05:00 +07)" executed successfully
2018-04-14 21:05:00,340 INFO ResourceTimer day_download Line:244 ==> 种子访问记录每日汇总结束=============>
2018-04-14 21:05:00,339 INFO base run_job Line:144 ==> Job "novel_day (trigger: cron[day='*', hour='*', minute='5'], next run at: 2018-04-14 22:05:00 +07)" executed successfully
2018-04-14 21:05:00,340 INFO ResourceTimer day_download Line:244 ==> 种子访问记录每日汇总结束=============>
2018-04-14 21:05:00,339 INFO base run_job Line:144 ==> Job "novel_day (trigger: cron[day='*', hour='*', minute='5'], next run at: 2018-04-14 22:05:00 +07)" executed successfully
2018-04-14 21:05:00,340 INFO ResourceTimer day_download Line:244 ==> 种子访问记录每日汇总结束=============>
2018-04-14 21:05:00,340 INFO ResourceTimer day_download Line:244 ==> 种子访问记录每日汇总结束=============>
2018-04-14 21:05:00,340 INFO ResourceTimer day_download Line:244 ==> 种子访问记录每日汇总结束=============>
2018-04-14 21:05:00,340 INFO ResourceTimer day_download Line:244 ==> 种子访问记录每日汇总结束=============>
2018-04-14 21:05:00,340 INFO base run_job Line:144 ==> Job "download_day (trigger: cron[day='*', hour='*', minute='5'], next run at: 2018-04-14 22:05:00 +07)" executed successfully
2018-04-14 21:05:00,340 INFO base run_job Line:144 ==> Job "download_day (trigger: cron[day='*', hour='*', minute='5'], next run at: 2018-04-14 22:05:00 +07)" executed successfully
2018-04-14 21:05:00,340 INFO base run_job Line:144 ==> Job "download_day (trigger: cron[day='*', hour='*', minute='5'], next run at: 2018-04-14 22:05:00 +07)" executed successfully
2018-04-14 21:05:00,340 INFO base run_job Line:144 ==> Job "download_day (trigger: cron[day='*', hour='*', minute='5'], next run at: 2018-04-14 22:05:00 +07)" executed successfully
2018-04-14 21:05:00,340 INFO base run_job Line:144 ==> Job "download_day (trigger: cron[day='*', hour='*', minute='5'], next run at: 2018-04-14 22:05:00 +07)" executed successfully
2018-04-14 21:05:00,340 INFO base run_job Line:144 ==> Job "download_day (trigger: cron[day='*', hour='*', minute='5'], next run at: 2018-04-14 22:05:00 +07)" executed successfully
2018-04-14 21:05:00,360 INFO DbUtil dbClose Line:29 ==> 关闭数据库连接
2018-04-14 21:05:00,360 INFO DbUtil dbClose Line:29 ==> 关闭数据库连接
2018-04-14 21:05:00,360 INFO DbUtil dbClose Line:29 ==> 关闭数据库连接
2018-04-14 21:05:00,360 INFO DbUtil dbClose Line:29 ==> 关闭数据库连接
2018-04-14 21:05:00,360 INFO DbUtil dbClose Line:29 ==> 关闭数据库连接
2018-04-14 21:05:00,360 INFO DbUtil dbClose Line:29 ==> 关闭数据库连接
2018-04-14 21:05:00,361 INFO LogViewTimer hour Line:127 ==> 页面访问记录小时汇总结束=============>
2018-04-14 21:05:00,361 INFO LogViewTimer hour Line:127 ==> 页面访问记录小时汇总结束=============>
2018-04-14 21:05:00,361 INFO LogViewTimer hour Line:127 ==> 页面访问记录小时汇总结束=============>
2018-04-14 21:05:00,361 INFO LogViewTimer hour Line:127 ==> 页面访问记录小时汇总结束=============>
2018-04-14 21:05:00,361 INFO LogViewTimer hour Line:127 ==> 页面访问记录小时汇总结束=============>
2018-04-14 21:05:00,361 INFO LogViewTimer hour Line:127 ==> 页面访问记录小时汇总结束=============>
2018-04-14 21:05:00,361 INFO base run_job Line:144 ==> Job "log_view_hour (trigger: cron[day='*', hour='*', minute='5'], next run at: 2018-04-14 22:05:00 +07)" executed successfully
2018-04-14 21:05:00,361 INFO base run_job Line:144 ==> Job "log_view_hour (trigger: cron[day='*', hour='*', minute='5'], next run at: 2018-04-14 22:05:00 +07)" executed successfully
2018-04-14 21:05:00,361 INFO base run_job Line:144 ==> Job "log_view_hour (trigger: cron[day='*', hour='*', minute='5'], next run at: 2018-04-14 22:05:00 +07)" executed successfully
2018-04-14 21:05:00,361 INFO base run_job Line:144 ==> Job "log_view_hour (trigger: cron[day='*', hour='*', minute='5'], next run at: 2018-04-14 22:05:00 +07)" executed successfully
2018-04-14 21:05:00,361 INFO base run_job Line:144 ==> Job "log_view_hour (trigger: cron[day='*', hour='*', minute='5'], next run at: 2018-04-14 22:05:00 +07)" executed successfully
2018-04-14 21:05:00,361 INFO base run_job Line:144 ==> Job "log_view_hour (trigger: cron[day='*', hour='*', minute='5'], next run at: 2018-04-14 22:05:00 +07)" executed successfully
2018-04-14 21:05:00,388 INFO DbUtil dbClose Line:29 ==> 关闭数据库连接
2018-04-14 21:05:00,388 INFO DbUtil dbClose Line:29 ==> 关闭数据库连接
2018-04-14 21:05:00,388 INFO DbUtil dbClose Line:29 ==> 关闭数据库连接
2018-04-14 21:05:00,388 INFO DbUtil dbClose Line:29 ==> 关闭数据库连接
2018-04-14 21:05:00,388 INFO DbUtil dbClose Line:29 ==> 关闭数据库连接
2018-04-14 21:05:00,388 INFO DbUtil dbClose Line:29 ==> 关闭数据库连接
2018-04-14 21:05:00,388 INFO ResourceTimer hour_novel Line:690 ==> 小说访问记录小时汇总结束=============>
2018-04-14 21:05:00,388 INFO ResourceTimer hour_novel Line:690 ==> 小说访问记录小时汇总结束=============>
2018-04-14 21:05:00,388 INFO ResourceTimer hour_novel Line:690 ==> 小说访问记录小时汇总结束=============>
2018-04-14 21:05:00,388 INFO ResourceTimer hour_novel Line:690 ==> 小说访问记录小时汇总结束=============>
2018-04-14 21:05:00,388 INFO ResourceTimer hour_novel Line:690 ==> 小说访问记录小时汇总结束=============>
2018-04-14 21:05:00,388 INFO ResourceTimer hour_novel Line:690 ==> 小说访问记录小时汇总结束=============>
2018-04-14 21:05:00,389 INFO base run_job Line:144 ==> Job "novel_hour (trigger: cron[day='*', hour='*', minute='5'], next run at: 2018-04-14 22:05:00 +07)" executed successfully
2018-04-14 21:05:00,389 INFO base run_job Line:144 ==> Job "novel_hour (trigger: cron[day='*', hour='*', minute='5'], next run at: 2018-04-14 22:05:00 +07)" executed successfully
2018-04-14 21:05:00,389 INFO base run_job Line:144 ==> Job "novel_hour (trigger: cron[day='*', hour='*', minute='5'], next run at: 2018-04-14 22:05:00 +07)" executed successfully
2018-04-14 21:05:00,389 INFO base run_job Line:144 ==> Job "novel_hour (trigger: cron[day='*', hour='*', minute='5'], next run at: 2018-04-14 22:05:00 +07)" executed successfully
2018-04-14 21:05:00,389 INFO base run_job Line:144 ==> Job "novel_hour (trigger: cron[day='*', hour='*', minute='5'], next run at: 2018-04-14 22:05:00 +07)" executed successfully
2018-04-14 21:05:00,389 INFO base run_job Line:144 ==> Job "novel_hour (trigger: cron[day='*', hour='*', minute='5'], next run at: 2018-04-14 22:05:00 +07)" executed successfully
2018-04-14 21:05:00,399 INFO DbUtil dbClose Line:29 ==> 关闭数据库连接
2018-04-14 21:05:00,399 INFO DbUtil dbClose Line:29 ==> 关闭数据库连接
2018-04-14 21:05:00,399 INFO DbUtil dbClose Line:29 ==> 关闭数据库连接
2018-04-14 21:05:00,399 INFO DbUtil dbClose Line:29 ==> 关闭数据库连接
2018-04-14 21:05:00,399 INFO DbUtil dbClose Line:29 ==> 关闭数据库连接
2018-04-14 21:05:00,399 INFO DbUtil dbClose Line:29 ==> 关闭数据库连接
2018-04-14 21:05:00,400 INFO ResourceTimer hour_video Line:470 ==> 视频访问记录小时汇总结束=============>
2018-04-14 21:05:00,400 INFO ResourceTimer hour_video Line:470 ==> 视频访问记录小时汇总结束=============>
2018-04-14 21:05:00,400 INFO ResourceTimer hour_video Line:470 ==> 视频访问记录小时汇总结束=============>
2018-04-14 21:05:00,400 INFO ResourceTimer hour_video Line:470 ==> 视频访问记录小时汇总结束=============>
2018-04-14 21:05:00,400 INFO ResourceTimer hour_video Line:470 ==> 视频访问记录小时汇总结束=============>
2018-04-14 21:05:00,400 INFO ResourceTimer hour_video Line:470 ==> 视频访问记录小时汇总结束=============>
2018-04-14 21:05:00,400 INFO base run_job Line:144 ==> Job "video_hour (trigger: cron[day='*', hour='*', minute='5'], next run at: 2018-04-14 22:05:00 +07)" executed successfully
2018-04-14 21:05:00,400 INFO base run_job Line:144 ==> Job "video_hour (trigger: cron[day='*', hour='*', minute='5'], next run at: 2018-04-14 22:05:00 +07)" executed successfully
2018-04-14 21:05:00,400 INFO base run_job Line:144 ==> Job "video_hour (trigger: cron[day='*', hour='*', minute='5'], next run at: 2018-04-14 22:05:00 +07)" executed successfully
2018-04-14 21:05:00,400 INFO base run_job Line:144 ==> Job "video_hour (trigger: cron[day='*', hour='*', minute='5'], next run at: 2018-04-14 22:05:00 +07)" executed successfully
2018-04-14 21:05:00,400 INFO base run_job Line:144 ==> Job "video_hour (trigger: cron[day='*', hour='*', minute='5'], next run at: 2018-04-14 22:05:00 +07)" executed successfully
2018-04-14 21:05:00,400 INFO base run_job Line:144 ==> Job "video_hour (trigger: cron[day='*', hour='*', minute='5'], next run at: 2018-04-14 22:05:00 +07)" executed successfully
2018-04-14 21:05:00,402 INFO DbUtil dbClose Line:29 ==> 关闭数据库连接
2018-04-14 21:05:00,402 INFO DbUtil dbClose Line:29 ==> 关闭数据库连接
2018-04-14 21:05:00,402 INFO DbUtil dbClose Line:29 ==> 关闭数据库连接
2018-04-14 21:05:00,402 INFO DbUtil dbClose Line:29 ==> 关闭数据库连接
2018-04-14 21:05:00,402 INFO DbUtil dbClose Line:29 ==> 关闭数据库连接
2018-04-14 21:05:00,402 INFO DbUtil dbClose Line:29 ==> 关闭数据库连接
2018-04-14 21:05:00,403 INFO ResourceTimer hour_download Line:580 ==> 种子访问记录小时汇总结束=============>
2018-04-14 21:05:00,403 INFO ResourceTimer hour_download Line:580 ==> 种子访问记录小时汇总结束=============>
2018-04-14 21:05:00,403 INFO ResourceTimer hour_download Line:580 ==> 种子访问记录小时汇总结束=============>
2018-04-14 21:05:00,403 INFO ResourceTimer hour_download Line:580 ==> 种子访问记录小时汇总结束=============>
2018-04-14 21:05:00,403 INFO ResourceTimer hour_download Line:580 ==> 种子访问记录小时汇总结束=============>
2018-04-14 21:05:00,403 INFO ResourceTimer hour_download Line:580 ==> 种子访问记录小时汇总结束=============>
2018-04-14 21:05:00,403 INFO base run_job Line:144 ==> Job "download_hour (trigger: cron[day='*', hour='*', minute='5'], next run at: 2018-04-14 22:05:00 +07)" executed successfully
2018-04-14 21:05:00,403 INFO base run_job Line:144 ==> Job "download_hour (trigger: cron[day='*', hour='*', minute='5'], next run at: 2018-04-14 22:05:00 +07)" executed successfully
2018-04-14 21:05:00,403 INFO base run_job Line:144 ==> Job "download_hour (trigger: cron[day='*', hour='*', minute='5'], next run at: 2018-04-14 22:05:00 +07)" executed successfully
2018-04-14 21:05:00,403 INFO base run_job Line:144 ==> Job "download_hour (trigger: cron[day='*', hour='*', minute='5'], next run at: 2018-04-14 22:05:00 +07)" executed successfully
2018-04-14 21:05:00,403 INFO base run_job Line:144 ==> Job "download_hour (trigger: cron[day='*', hour='*', minute='5'], next run at: 2018-04-14 22:05:00 +07)" executed successfully
2018-04-14 21:05:00,403 INFO base run_job Line:144 ==> Job "download_hour (trigger: cron[day='*', hour='*', minute='5'], next run at: 2018-04-14 22:05:00 +07)" executed successfully
2018-04-14 21:05:00,427 INFO DbUtil dbClose Line:29 ==> 关闭数据库连接
2018-04-14 21:05:00,427 INFO DbUtil dbClose Line:29 ==> 关闭数据库连接
2018-04-14 21:05:00,427 INFO DbUtil dbClose Line:29 ==> 关闭数据库连接
2018-04-14 21:05:00,427 INFO DbUtil dbClose Line:29 ==> 关闭数据库连接
2018-04-14 21:05:00,427 INFO DbUtil dbClose Line:29 ==> 关闭数据库连接
2018-04-14 21:05:00,427 INFO DbUtil dbClose Line:29 ==> 关闭数据库连接
2018-04-14 21:05:00,428 INFO TotalTimer day Line:81 ==> 汇总数据每日统计结束=============>
2018-04-14 21:05:00,428 INFO TotalTimer day Line:81 ==> 汇总数据每日统计结束=============>
2018-04-14 21:05:00,428 INFO TotalTimer day Line:81 ==> 汇总数据每日统计结束=============>
2018-04-14 21:05:00,428 INFO TotalTimer day Line:81 ==> 汇总数据每日统计结束=============>
2018-04-14 21:05:00,428 INFO TotalTimer day Line:81 ==> 汇总数据每日统计结束=============>
2018-04-14 21:05:00,428 INFO TotalTimer day Line:81 ==> 汇总数据每日统计结束=============>
2018-04-14 21:05:00,429 INFO base run_job Line:144 ==> Job "total_day (trigger: cron[day='*', hour='*', minute='5'], next run at: 2018-04-14 22:05:00 +07)" executed successfully
2018-04-14 21:05:00,429 INFO base run_job Line:144 ==> Job "total_day (trigger: cron[day='*', hour='*', minute='5'], next run at: 2018-04-14 22:05:00 +07)" executed successfully
2018-04-14 21:05:00,429 INFO base run_job Line:144 ==> Job "total_day (trigger: cron[day='*', hour='*', minute='5'], next run at: 2018-04-14 22:05:00 +07)" executed successfully
2018-04-14 21:05:00,429 INFO base run_job Line:144 ==> Job "total_day (trigger: cron[day='*', hour='*', minute='5'], next run at: 2018-04-14 22:05:00 +07)" executed successfully
2018-04-14 21:05:00,429 INFO base run_job Line:144 ==> Job "total_day (trigger: cron[day='*', hour='*', minute='5'], next run at: 2018-04-14 22:05:00 +07)" executed successfully
2018-04-14 21:05:00,429 INFO base run_job Line:144 ==> Job "total_day (trigger: cron[day='*', hour='*', minute='5'], next run at: 2018-04-14 22:05:00 +07)" executed successfully
2018-04-14 21:05:00,578 INFO DbUtil dbClose Line:29 ==> 关闭数据库连接
2018-04-14 21:05:00,578 INFO DbUtil dbClose Line:29 ==> 关闭数据库连接
2018-04-14 21:05:00,578 INFO DbUtil dbClose Line:29 ==> 关闭数据库连接
2018-04-14 21:05:00,578 INFO DbUtil dbClose Line:29 ==> 关闭数据库连接
2018-04-14 21:05:00,578 INFO DbUtil dbClose Line:29 ==> 关闭数据库连接
2018-04-14 21:05:00,578 INFO DbUtil dbClose Line:29 ==> 关闭数据库连接
2018-04-14 21:05:00,579 INFO TotalTimer hour Line:144 ==> 汇总数据小时统计结束=============>
2018-04-14 21:05:00,579 INFO TotalTimer hour Line:144 ==> 汇总数据小时统计结束=============>
2018-04-14 21:05:00,579 INFO TotalTimer hour Line:144 ==> 汇总数据小时统计结束=============>
2018-04-14 21:05:00,579 INFO TotalTimer hour Line:144 ==> 汇总数据小时统计结束=============>
2018-04-14 21:05:00,579 INFO TotalTimer hour Line:144 ==> 汇总数据小时统计结束=============>
2018-04-14 21:05:00,579 INFO TotalTimer hour Line:144 ==> 汇总数据小时统计结束=============>
2018-04-14 21:05:00,580 INFO base run_job Line:144 ==> Job "total_hour (trigger: cron[day='*', hour='*', minute='5'], next run at: 2018-04-14 22:05:00 +07)" executed successfully
2018-04-14 21:05:00,580 INFO base run_job Line:144 ==> Job "total_hour (trigger: cron[day='*', hour='*', minute='5'], next run at: 2018-04-14 22:05:00 +07)" executed successfully
2018-04-14 21:05:00,580 INFO base run_job Line:144 ==> Job "total_hour (trigger: cron[day='*', hour='*', minute='5'], next run at: 2018-04-14 22:05:00 +07)" executed successfully
2018-04-14 21:05:00,580 INFO base run_job Line:144 ==> Job "total_hour (trigger: cron[day='*', hour='*', minute='5'], next run at: 2018-04-14 22:05:00 +07)" executed successfully
2018-04-14 21:05:00,580 INFO base run_job Line:144 ==> Job "total_hour (trigger: cron[day='*', hour='*', minute='5'], next run at: 2018-04-14 22:05:00 +07)" executed successfully
2018-04-14 21:05:00,580 INFO base run_job Line:144 ==> Job "total_hour (trigger: cron[day='*', hour='*', minute='5'], next run at: 2018-04-14 22:05:00 +07)" executed successfully
